Watching for file changes with StatReloader
Waiting for apps ready_event.
Apps ready_event triggered. Sending autoreload_started signal.
Watching dir /mnt/c/Users/Lenovo Yoga/Desktop/django-material-dashboard/env/lib/python3.8/site-packages/admin_material/templates with glob **/*.
Watching dir /mnt/c/Users/Lenovo Yoga/Desktop/licenta/dockerfile_gen/home/templates with glob **/*.
Watching dir /mnt/c/Users/Lenovo Yoga/Desktop/licenta/dockerfile_gen/locale with glob **/*.mo.
Watching dir /mnt/c/Users/Lenovo Yoga/Desktop/django-material-dashboard/env/lib/python3.8/site-packages/admin_material/locale with glob **/*.mo.
Watching dir /mnt/c/Users/Lenovo Yoga/Desktop/django-material-dashboard/env/lib/python3.8/site-packages/crispy_forms/locale with glob **/*.mo.
Watching dir /mnt/c/Users/Lenovo Yoga/Desktop/licenta/dockerfile_gen/home/locale with glob **/*.mo.
Watching dir /mnt/c/Users/Lenovo Yoga/Desktop/licenta/dockerfile_gen/core/locale with glob **/*.mo.
(0.004) 
            SELECT name, type FROM sqlite_master
            WHERE type in ('table', 'view') AND NOT name='sqlite_sequence'
            ORDER BY name; args=None; alias=default
(0.003) SELECT "django_migrations"."id", "django_migrations"."app", "django_migrations"."name", "django_migrations"."applied" FROM "django_migrations"; args=(); alias=default
File /mnt/c/Users/Lenovo Yoga/Desktop/django-material-dashboard/env/lib/python3.8/site-packages/django/db/migrations/recorder.py first seen with mtime 1711993986.0
File /mnt/c/Users/Lenovo Yoga/Desktop/django-material-dashboard/env/lib/python3.8/site-packages/admin_material/templatetags/__init__.py first seen with mtime 1711994193.0
File /mnt/c/Users/Lenovo Yoga/Desktop/django-material-dashboard/env/lib/python3.8/site-packages/django/conf/locale/__init__.py first seen with mtime 1711993985.0
File /usr/lib/python3.8/copy.py first seen with mtime 1700648555.0
File /mnt/c/Users/Lenovo Yoga/Desktop/django-material-dashboard/env/lib/python3.8/site-packages/backports/__init__.py first seen with mtime 1711993984.0
File /mnt/c/Users/Lenovo Yoga/Desktop/django-material-dashboard/env/lib/python3.8/site-packages/django/apps/config.py first seen with mtime 1711993985.0
File /usr/lib/python3.8/asyncio/base_tasks.py first seen with mtime 1700648555.0
File /usr/lib/python3.8/asyncio/subprocess.py first seen with mtime 1700648555.0
File /mnt/c/Users/Lenovo Yoga/Desktop/django-material-dashboard/env/lib/python3.8/site-packages/django/contrib/admin/sites.py first seen with mtime 1711993985.0
File /mnt/c/Users/Lenovo Yoga/Desktop/django-material-dashboard/env/lib/python3.8/site-packages/django/utils/__init__.py first seen with mtime 1711993986.0
File /usr/lib/python3.8/base64.py first seen with mtime 1700648555.0
File /mnt/c/Users/Lenovo Yoga/Desktop/django-material-dashboard/env/lib/python3.8/site-packages/requests/certs.py first seen with mtime 1715272342.0
File /mnt/c/Users/Lenovo Yoga/Desktop/django-material-dashboard/env/lib/python3.8/site-packages/django/db/backends/base/operations.py first seen with mtime 1711993986.0
File /usr/lib/python3.8/email/mime/nonmultipart.py first seen with mtime 1700648555.0
File /mnt/c/Users/Lenovo Yoga/Desktop/django-material-dashboard/env/lib/python3.8/site-packages/django/contrib/admin/exceptions.py first seen with mtime 1711993985.0
File /usr/lib/python3.8/io.py first seen with mtime 1700648555.0
File /mnt/c/Users/Lenovo Yoga/Desktop/django-material-dashboard/env/lib/python3.8/site-packages/django/forms/widgets.py first seen with mtime 1711993986.0
File /usr/lib/python3.8/email/__init__.py first seen with mtime 1700648555.0
File /mnt/c/Users/Lenovo Yoga/Desktop/django-material-dashboard/env/lib/python3.8/site-packages/django/contrib/auth/backends.py first seen with mtime 1711993986.0
File /mnt/c/Users/Lenovo Yoga/Desktop/django-material-dashboard/env/lib/python3.8/site-packages/django/db/models/functions/text.py first seen with mtime 1711993986.0
File /mnt/c/Users/Lenovo Yoga/Desktop/django-material-dashboard/env/lib/python3.8/site-packages/django/urls/resolvers.py first seen with mtime 1711993986.0
File /usr/lib/python3.8/lib-dynload/_bz2.cpython-38-x86_64-linux-gnu.so first seen with mtime 1700648555.0
File /usr/lib/python3.8/email/header.py first seen with mtime 1700648555.0
File /mnt/c/Users/Lenovo Yoga/Desktop/django-material-dashboard/env/lib/python3.8/site-packages/sqlparse/filters/aligned_indent.py first seen with mtime 1711993983.0
File /mnt/c/Users/Lenovo Yoga/Desktop/django-material-dashboard/env/lib/python3.8/site-packages/django/db/models/query_utils.py first seen with mtime 1711993986.0
File /usr/lib/python3.8/random.py first seen with mtime 1700648555.0
File /usr/lib/python3.8/stat.py first seen with mtime 1700648555.0
File /mnt/c/Users/Lenovo Yoga/Desktop/django-material-dashboard/env/lib/python3.8/site-packages/django/contrib/admin/filters.py first seen with mtime 1711993985.0
File /mnt/c/Users/Lenovo Yoga/Desktop/django-material-dashboard/env/lib/python3.8/site-packages/django/core/files/storage/memory.py first seen with mtime 1711993986.0
File /mnt/c/Users/Lenovo Yoga/Desktop/django-material-dashboard/env/lib/python3.8/site-packages/django/utils/dates.py first seen with mtime 1711993986.0
File /mnt/c/Users/Lenovo Yoga/Desktop/django-material-dashboard/env/lib/python3.8/site-packages/django/db/models/enums.py first seen with mtime 1711993986.0
File /mnt/c/Users/Lenovo Yoga/Desktop/django-material-dashboard/env/lib/python3.8/site-packages/django/contrib/auth/decorators.py first seen with mtime 1711993986.0
File /mnt/c/Users/Lenovo Yoga/Desktop/django-material-dashboard/env/lib/python3.8/site-packages/docker/types/services.py first seen with mtime 1716669900.0
File /mnt/c/Users/Lenovo Yoga/Desktop/django-material-dashboard/env/lib/python3.8/site-packages/django/core/signing.py first seen with mtime 1711993986.0
File /mnt/c/Users/Lenovo Yoga/Desktop/django-material-dashboard/env/lib/python3.8/site-packages/django/conf/global_settings.py first seen with mtime 1711993985.0
File /mnt/c/Users/Lenovo Yoga/Desktop/licenta/dockerfile_gen/core/settings.py first seen with mtime 1717014481.1314187
File /mnt/c/Users/Lenovo Yoga/Desktop/django-material-dashboard/env/lib/python3.8/site-packages/django/contrib/auth/tokens.py first seen with mtime 1711993986.0
File /mnt/c/Users/Lenovo Yoga/Desktop/django-material-dashboard/env/lib/python3.8/site-packages/django/views/generic/list.py first seen with mtime 1711993986.0
File /mnt/c/Users/Lenovo Yoga/Desktop/django-material-dashboard/env/lib/python3.8/site-packages/urllib3/util/wait.py first seen with mtime 1715272333.0
File /usr/lib/python3.8/site.py first seen with mtime 1700648555.0
File /mnt/c/Users/Lenovo Yoga/Desktop/django-material-dashboard/env/lib/python3.8/site-packages/django/conf/__init__.py first seen with mtime 1711993985.0
File /mnt/c/Users/Lenovo Yoga/Desktop/django-material-dashboard/env/lib/python3.8/site-packages/django/utils/log.py first seen with mtime 1711993986.0
File /usr/lib/python3.8/logging/__init__.py first seen with mtime 1700648555.0
File /mnt/c/Users/Lenovo Yoga/Desktop/django-material-dashboard/env/lib/python3.8/site-packages/django/conf/urls/__init__.py first seen with mtime 1711993985.0
File /mnt/c/Users/Lenovo Yoga/Desktop/django-material-dashboard/env/lib/python3.8/site-packages/django/contrib/auth/validators.py first seen with mtime 1711993986.0
File /mnt/c/Users/Lenovo Yoga/Desktop/django-material-dashboard/env/lib/python3.8/site-packages/django/templatetags/l10n.py first seen with mtime 1711993986.0
File /usr/lib/python3.8/asyncio/streams.py first seen with mtime 1700648555.0
File /mnt/c/Users/Lenovo Yoga/Desktop/django-material-dashboard/env/lib/python3.8/site-packages/docker/types/swarm.py first seen with mtime 1716669900.0
File /mnt/c/Users/Lenovo Yoga/Desktop/django-material-dashboard/env/lib/python3.8/site-packages/django/forms/__init__.py first seen with mtime 1711993986.0
File /mnt/c/Users/Lenovo Yoga/Desktop/django-material-dashboard/env/lib/python3.8/site-packages/django/utils/formats.py first seen with mtime 1711993986.0
File /mnt/c/Users/Lenovo Yoga/Desktop/django-material-dashboard/env/lib/python3.8/site-packages/django/core/mail/message.py first seen with mtime 1711993986.0
File /mnt/c/Users/Lenovo Yoga/Desktop/django-material-dashboard/env/lib/python3.8/site-packages/docker/transport/unixconn.py first seen with mtime 1716669900.0
File /usr/lib/python3.8/multiprocessing/context.py first seen with mtime 1700648555.0
File /mnt/c/Users/Lenovo Yoga/Desktop/django-material-dashboard/env/lib/python3.8/site-packages/django/core/servers/__init__.py first seen with mtime 1711993986.0
File /mnt/c/Users/Lenovo Yoga/Desktop/django-material-dashboard/env/lib/python3.8/site-packages/crispy_forms/layout.py first seen with mtime 1715272258.0
File /usr/lib/python3.8/wsgiref/headers.py first seen with mtime 1700648555.0
File /mnt/c/Users/Lenovo Yoga/Desktop/django-material-dashboard/env/lib/python3.8/site-packages/sqlparse/keywords.py first seen with mtime 1711993983.0
File /mnt/c/Users/Lenovo Yoga/Desktop/django-material-dashboard/env/lib/python3.8/site-packages/docker/api/plugin.py first seen with mtime 1716669900.0
File /usr/lib/python3.8/wsgiref/__init__.py first seen with mtime 1700648555.0
File /mnt/c/Users/Lenovo Yoga/Desktop/django-material-dashboard/env/lib/python3.8/site-packages/django/core/__init__.py first seen with mtime 1711993986.0
File /mnt/c/Users/Lenovo Yoga/Desktop/django-material-dashboard/env/lib/python3.8/site-packages/django/db/migrations/operations/fields.py first seen with mtime 1711993986.0
File /mnt/c/Users/Lenovo Yoga/Desktop/django-material-dashboard/env/lib/python3.8/site-packages/django/http/cookie.py first seen with mtime 1711993986.0
File /usr/lib/python3.8/reprlib.py first seen with mtime 1700648555.0
File /mnt/c/Users/Lenovo Yoga/Desktop/django-material-dashboard/env/lib/python3.8/site-packages/django/urls/__init__.py first seen with mtime 1711993986.0
File /mnt/c/Users/Lenovo Yoga/Desktop/django-material-dashboard/env/lib/python3.8/site-packages/django/core/files/utils.py first seen with mtime 1711993986.0
File /mnt/c/Users/Lenovo Yoga/Desktop/django-material-dashboard/env/lib/python3.8/site-packages/django/core/wsgi.py first seen with mtime 1711993986.0
File /mnt/c/Users/Lenovo Yoga/Desktop/django-material-dashboard/env/lib/python3.8/site-packages/docker/transport/basehttpadapter.py first seen with mtime 1716669900.0
File /usr/lib/python3.8/email/_policybase.py first seen with mtime 1700648555.0
File /mnt/c/Users/Lenovo Yoga/Desktop/django-material-dashboard/env/lib/python3.8/site-packages/docker/models/networks.py first seen with mtime 1716669900.0
File /usr/lib/python3.8/locale.py first seen with mtime 1700648555.0
File /mnt/c/Users/Lenovo Yoga/Desktop/django-material-dashboard/env/lib/python3.8/site-packages/urllib3/poolmanager.py first seen with mtime 1715272333.0
File /usr/lib/python3.8/struct.py first seen with mtime 1700648555.0
File /usr/lib/python3.8/traceback.py first seen with mtime 1700648555.0
File /mnt/c/Users/Lenovo Yoga/Desktop/django-material-dashboard/env/lib/python3.8/site-packages/requests/api.py first seen with mtime 1715272342.0
File /usr/lib/python3.8/urllib/__init__.py first seen with mtime 1700648555.0
File /mnt/c/Users/Lenovo Yoga/Desktop/django-material-dashboard/env/lib/python3.8/site-packages/django/utils/asyncio.py first seen with mtime 1711993986.0
File /usr/lib/python3.8/html/parser.py first seen with mtime 1700648555.0
File /usr/lib/python3.8/selectors.py first seen with mtime 1700648555.0
File /mnt/c/Users/Lenovo Yoga/Desktop/django-material-dashboard/env/lib/python3.8/site-packages/docker/context/api.py first seen with mtime 1716669900.0
File /mnt/c/Users/Lenovo Yoga/Desktop/django-material-dashboard/env/lib/python3.8/site-packages/crispy_forms/templatetags/crispy_forms_filters.py first seen with mtime 1715272258.0
File /mnt/c/Users/Lenovo Yoga/Desktop/django-material-dashboard/env/lib/python3.8/site-packages/urllib3/util/__init__.py first seen with mtime 1715272333.0
File /usr/lib/python3.8/asyncio/constants.py first seen with mtime 1700648555.0
File /mnt/c/Users/Lenovo Yoga/Desktop/django-material-dashboard/env/lib/python3.8/site-packages/django/utils/ipv6.py first seen with mtime 1711993986.0
File /mnt/c/Users/Lenovo Yoga/Desktop/django-material-dashboard/env/lib/python3.8/site-packages/docker/api/build.py first seen with mtime 1716669900.0
File /mnt/c/Users/Lenovo Yoga/Desktop/django-material-dashboard/env/lib/python3.8/site-packages/django/utils/text.py first seen with mtime 1711993986.0
File /mnt/c/Users/Lenovo Yoga/Desktop/django-material-dashboard/env/lib/python3.8/site-packages/django/core/files/uploadhandler.py first seen with mtime 1711993986.0
File /mnt/c/Users/Lenovo Yoga/Desktop/django-material-dashboard/env/lib/python3.8/site-packages/django/views/decorators/common.py first seen with mtime 1711993986.0
File /mnt/c/Users/Lenovo Yoga/Desktop/django-material-dashboard/env/lib/python3.8/site-packages/crispy_forms/helper.py first seen with mtime 1715272258.0
File /usr/lib/python3.8/email/generator.py first seen with mtime 1700648555.0
File /mnt/c/Users/Lenovo Yoga/Desktop/django-material-dashboard/env/lib/python3.8/site-packages/charset_normalizer/md__mypyc.cpython-38-x86_64-linux-gnu.so first seen with mtime 1715272338.0
File /mnt/c/Users/Lenovo Yoga/Desktop/django-material-dashboard/env/lib/python3.8/site-packages/asgiref/local.py first seen with mtime 1711993982.0
File /mnt/c/Users/Lenovo Yoga/Desktop/django-material-dashboard/env/lib/python3.8/site-packages/whitenoise/base.py first seen with mtime 1711994208.0
File /mnt/c/Users/Lenovo Yoga/Desktop/django-material-dashboard/env/lib/python3.8/site-packages/django/db/models/base.py first seen with mtime 1711993986.0
File /mnt/c/Users/Lenovo Yoga/Desktop/django-material-dashboard/env/lib/python3.8/site-packages/django/template/context.py first seen with mtime 1711993986.0
File /mnt/c/Users/Lenovo Yoga/Desktop/django-material-dashboard/env/lib/python3.8/site-packages/django/utils/duration.py first seen with mtime 1711993986.0
File /usr/lib/python3.8/zipfile.py first seen with mtime 1700648555.0
File /mnt/c/Users/Lenovo Yoga/Desktop/django-material-dashboard/env/lib/python3.8/site-packages/urllib3/_collections.py first seen with mtime 1715272333.0
File /mnt/c/Users/Lenovo Yoga/Desktop/django-material-dashboard/env/lib/python3.8/site-packages/django/db/migrations/operations/base.py first seen with mtime 1711993986.0
File /mnt/c/Users/Lenovo Yoga/Desktop/licenta/dockerfile_gen/home/utils.py first seen with mtime 1717014129.9967065
File /mnt/c/Users/Lenovo Yoga/Desktop/django-material-dashboard/env/lib/python3.8/site-packages/django/db/backends/sqlite3/creation.py first seen with mtime 1711993986.0
File /usr/lib/python3.8/typing.py first seen with mtime 1700648555.0
File /mnt/c/Users/Lenovo Yoga/Desktop/django-material-dashboard/env/lib/python3.8/site-packages/sqlparse/__init__.py first seen with mtime 1711993983.0
File /mnt/c/Users/Lenovo Yoga/Desktop/django-material-dashboard/env/lib/python3.8/site-packages/django/contrib/admin/actions.py first seen with mtime 1711993985.0
File /usr/lib/python3.8/operator.py first seen with mtime 1700648555.0
File /usr/lib/python3.8/functools.py first seen with mtime 1700648555.0
File /mnt/c/Users/Lenovo Yoga/Desktop/django-material-dashboard/env/lib/python3.8/site-packages/urllib3/response.py first seen with mtime 1715272333.0
File /mnt/c/Users/Lenovo Yoga/Desktop/django-material-dashboard/env/lib/python3.8/site-packages/urllib3/_version.py first seen with mtime 1715272333.0
File /mnt/c/Users/Lenovo Yoga/Desktop/django-material-dashboard/env/lib/python3.8/site-packages/django/db/models/functions/window.py first seen with mtime 1711993986.0
File /mnt/c/Users/Lenovo Yoga/Desktop/django-material-dashboard/env/lib/python3.8/site-packages/django/core/checks/files.py first seen with mtime 1711993986.0
File /mnt/c/Users/Lenovo Yoga/Desktop/django-material-dashboard/env/lib/python3.8/site-packages/django/db/models/expressions.py first seen with mtime 1711993986.0
File /usr/lib/python3.8/asyncio/format_helpers.py first seen with mtime 1700648555.0
File /usr/lib/python3.8/platform.py first seen with mtime 1700648555.0
File /mnt/c/Users/Lenovo Yoga/Desktop/django-material-dashboard/env/lib/python3.8/site-packages/django/utils/module_loading.py first seen with mtime 1711993986.0
File /usr/lib/python3.8/logging/config.py first seen with mtime 1700648555.0
File /mnt/c/Users/Lenovo Yoga/Desktop/django-material-dashboard/env/lib/python3.8/site-packages/django/db/models/sql/__init__.py first seen with mtime 1711993986.0
File /usr/lib/python3.8/_compression.py first seen with mtime 1700648555.0
File /usr/lib/python3.8/asyncio/locks.py first seen with mtime 1700648555.0
File /usr/lib/python3.8/bz2.py first seen with mtime 1700648555.0
File /mnt/c/Users/Lenovo Yoga/Desktop/django-material-dashboard/env/lib/python3.8/site-packages/django/contrib/auth/views.py first seen with mtime 1711993986.0
File /mnt/c/Users/Lenovo Yoga/Desktop/django-material-dashboard/env/lib/python3.8/site-packages/django/core/files/storage/base.py first seen with mtime 1711993986.0
File /mnt/c/Users/Lenovo Yoga/Desktop/django-material-dashboard/env/lib/python3.8/site-packages/idna/core.py first seen with mtime 1715272341.0
File /mnt/c/Users/Lenovo Yoga/Desktop/django-material-dashboard/env/lib/python3.8/site-packages/docker/models/plugins.py first seen with mtime 1716669900.0
File /usr/lib/python3.8/lib-dynload/_ssl.cpython-38-x86_64-linux-gnu.so first seen with mtime 1700648555.0
File /mnt/c/Users/Lenovo Yoga/Desktop/django-material-dashboard/env/lib/python3.8/site-packages/django/template/autoreload.py first seen with mtime 1711993986.0
File /mnt/c/Users/Lenovo Yoga/Desktop/django-material-dashboard/env/lib/python3.8/site-packages/django/core/management/__init__.py first seen with mtime 1711993986.0
File /usr/lib/python3.8/concurrent/__init__.py first seen with mtime 1700648555.0
File /usr/lib/python3.8/ipaddress.py first seen with mtime 1700648555.0
File /mnt/c/Users/Lenovo Yoga/Desktop/django-material-dashboard/env/lib/python3.8/site-packages/django/utils/termcolors.py first seen with mtime 1711993986.0
File /mnt/c/Users/Lenovo Yoga/Desktop/django-material-dashboard/env/lib/python3.8/site-packages/django/utils/itercompat.py first seen with mtime 1711993986.0
File /usr/lib/python3.8/concurrent/futures/_base.py first seen with mtime 1700648555.0
File /mnt/c/Users/Lenovo Yoga/Desktop/django-material-dashboard/env/lib/python3.8/site-packages/docker/utils/json_stream.py first seen with mtime 1716669900.0
File /usr/lib/python3.8/gzip.py first seen with mtime 1700648555.0
File /mnt/c/Users/Lenovo Yoga/Desktop/django-material-dashboard/env/lib/python3.8/site-packages/docker/credentials/errors.py first seen with mtime 1716669900.0
File /mnt/c/Users/Lenovo Yoga/Desktop/django-material-dashboard/env/lib/python3.8/site-packages/django/db/models/fields/related_lookups.py first seen with mtime 1711993986.0
File /mnt/c/Users/Lenovo Yoga/Desktop/django-material-dashboard/env/lib/python3.8/site-packages/django/core/cache/__init__.py first seen with mtime 1711993986.0
File /mnt/c/Users/Lenovo Yoga/Desktop/django-material-dashboard/env/lib/python3.8/site-packages/django/core/servers/basehttp.py first seen with mtime 1711993986.0
File /mnt/c/Users/Lenovo Yoga/Desktop/django-material-dashboard/env/lib/python3.8/site-packages/django/core/checks/compatibility/__init__.py first seen with mtime 1711993986.0
File /usr/lib/python3.8/bisect.py first seen with mtime 1700648555.0
File /mnt/c/Users/Lenovo Yoga/Desktop/django-material-dashboard/env/lib/python3.8/site-packages/django/middleware/common.py first seen with mtime 1711993986.0
File /mnt/c/Users/Lenovo Yoga/Desktop/django-material-dashboard/env/lib/python3.8/site-packages/docker/types/__init__.py first seen with mtime 1716669900.0
File /usr/lib/python3.8/subprocess.py first seen with mtime 1700648555.0
File /usr/lib/python3.8/__future__.py first seen with mtime 1700648555.0
File /mnt/c/Users/Lenovo Yoga/Desktop/django-material-dashboard/env/lib/python3.8/site-packages/django/core/checks/async_checks.py first seen with mtime 1711993986.0
File /mnt/c/Users/Lenovo Yoga/Desktop/django-material-dashboard/env/lib/python3.8/site-packages/django/contrib/staticfiles/management/commands/__init__.py first seen with mtime 1711993986.0
File /mnt/c/Users/Lenovo Yoga/Desktop/django-material-dashboard/env/lib/python3.8/site-packages/django/views/decorators/cache.py first seen with mtime 1711993986.0
File /mnt/c/Users/Lenovo Yoga/Desktop/django-material-dashboard/env/lib/python3.8/site-packages/django/core/serializers/python.py first seen with mtime 1711993986.0
File /mnt/c/Users/Lenovo Yoga/Desktop/django-material-dashboard/env/lib/python3.8/site-packages/django/db/backends/base/introspection.py first seen with mtime 1711993986.0
File /usr/lib/python3.8/lib-dynload/_json.cpython-38-x86_64-linux-gnu.so first seen with mtime 1700648555.0
File /mnt/c/Users/Lenovo Yoga/Desktop/django-material-dashboard/env/lib/python3.8/site-packages/django/views/csrf.py first seen with mtime 1711993986.0
File /usr/lib/python3.8/asyncio/base_events.py first seen with mtime 1700648555.0
File /usr/lib/python3.8/pprint.py first seen with mtime 1700648555.0
File /mnt/c/Users/Lenovo Yoga/Desktop/django-material-dashboard/env/lib/python3.8/site-packages/django/db/models/fields/__init__.py first seen with mtime 1711993986.0
File /mnt/c/Users/Lenovo Yoga/Desktop/django-material-dashboard/env/lib/python3.8/site-packages/urllib3/util/url.py first seen with mtime 1715272333.0
File /usr/lib/python3.8/http/client.py first seen with mtime 1700648555.0
File /usr/lib/python3.8/importlib/machinery.py first seen with mtime 1700648555.0
File /mnt/c/Users/Lenovo Yoga/Desktop/django-material-dashboard/env/lib/python3.8/site-packages/backports/zoneinfo/_version.py first seen with mtime 1711993984.0
File /mnt/c/Users/Lenovo Yoga/Desktop/django-material-dashboard/env/lib/python3.8/site-packages/docker/models/swarm.py first seen with mtime 1716669900.0
File /mnt/c/Users/Lenovo Yoga/Desktop/django-material-dashboard/env/lib/python3.8/site-packages/django/core/files/move.py first seen with mtime 1711993986.0
File /mnt/c/Users/Lenovo Yoga/Desktop/django-material-dashboard/env/lib/python3.8/site-packages/sqlparse/lexer.py first seen with mtime 1711993983.0
File /mnt/c/Users/Lenovo Yoga/Desktop/django-material-dashboard/env/lib/python3.8/site-packages/django/core/serializers/base.py first seen with mtime 1711993986.0
File /mnt/c/Users/Lenovo Yoga/Desktop/django-material-dashboard/env/lib/python3.8/site-packages/django/core/files/storage/filesystem.py first seen with mtime 1711993986.0
File /mnt/c/Users/Lenovo Yoga/Desktop/django-material-dashboard/env/lib/python3.8/site-packages/certifi/core.py first seen with mtime 1715272338.0
File /mnt/c/Users/Lenovo Yoga/Desktop/django-material-dashboard/env/lib/python3.8/site-packages/docker/utils/build.py first seen with mtime 1716669900.0
File /usr/lib/python3.8/email/mime/__init__.py first seen with mtime 1700648555.0
File /mnt/c/Users/Lenovo Yoga/Desktop/django-material-dashboard/env/lib/python3.8/site-packages/crispy_forms/bootstrap.py first seen with mtime 1715272258.0
File /mnt/c/Users/Lenovo Yoga/Desktop/django-material-dashboard/env/lib/python3.8/site-packages/sqlparse/filters/output.py first seen with mtime 1711993983.0
File /mnt/c/Users/Lenovo Yoga/Desktop/django-material-dashboard/env/lib/python3.8/site-packages/django/templatetags/__init__.py first seen with mtime 1711993986.0
File /mnt/c/Users/Lenovo Yoga/Desktop/django-material-dashboard/env/lib/python3.8/site-packages/django/core/checks/caches.py first seen with mtime 1711993986.0
File /mnt/c/Users/Lenovo Yoga/Desktop/django-material-dashboard/env/lib/python3.8/site-packages/loginas/utils.py first seen with mtime 1712267615.0
File /mnt/c/Users/Lenovo Yoga/Desktop/django-material-dashboard/env/lib/python3.8/site-packages/django/core/paginator.py first seen with mtime 1711993986.0
File /mnt/c/Users/Lenovo Yoga/Desktop/django-material-dashboard/env/lib/python3.8/site-packages/docker/context/context.py first seen with mtime 1716669900.0
File /usr/lib/python3.8/encodings/idna.py first seen with mtime 1700648555.0
File /mnt/c/Users/Lenovo Yoga/Desktop/django-material-dashboard/env/lib/python3.8/site-packages/django/contrib/sessions/models.py first seen with mtime 1711993986.0
File /mnt/c/Users/Lenovo Yoga/Desktop/django-material-dashboard/env/lib/python3.8/site-packages/django/contrib/auth/signals.py first seen with mtime 1711993986.0
File /mnt/c/Users/Lenovo Yoga/Desktop/django-material-dashboard/env/lib/python3.8/site-packages/charset_normalizer/version.py first seen with mtime 1715272338.0
File /usr/lib/python3.8/email/errors.py first seen with mtime 1700648555.0
File /usr/lib/python3.8/heapq.py first seen with mtime 1700648555.0
File /usr/lib/python3.8/genericpath.py first seen with mtime 1700648555.0
File /mnt/c/Users/Lenovo Yoga/Desktop/django-material-dashboard/env/lib/python3.8/site-packages/django/db/models/constraints.py first seen with mtime 1711993986.0
File /mnt/c/Users/Lenovo Yoga/Desktop/django-material-dashboard/env/lib/python3.8/site-packages/requests/structures.py first seen with mtime 1715272342.0
File /mnt/c/Users/Lenovo Yoga/Desktop/django-material-dashboard/env/lib/python3.8/site-packages/django/contrib/auth/forms.py first seen with mtime 1711993986.0
File /usr/lib/python3.8/pickle.py first seen with mtime 1700648555.0
File /mnt/c/Users/Lenovo Yoga/Desktop/django-material-dashboard/env/lib/python3.8/site-packages/whitenoise/middleware.py first seen with mtime 1711994208.0
File /usr/lib/python3.8/fnmatch.py first seen with mtime 1700648555.0
File /mnt/c/Users/Lenovo Yoga/Desktop/django-material-dashboard/env/lib/python3.8/site-packages/django/views/decorators/csrf.py first seen with mtime 1711993986.0
File /mnt/c/Users/Lenovo Yoga/Desktop/django-material-dashboard/env/lib/python3.8/site-packages/django/db/backends/base/schema.py first seen with mtime 1711993986.0
File /mnt/c/Users/Lenovo Yoga/Desktop/django-material-dashboard/env/lib/python3.8/site-packages/docker/auth.py first seen with mtime 1716669900.0
File /mnt/c/Users/Lenovo Yoga/Desktop/django-material-dashboard/env/lib/python3.8/site-packages/django/contrib/contenttypes/management/__init__.py first seen with mtime 1711993986.0
File /mnt/c/Users/Lenovo Yoga/Desktop/django-material-dashboard/env/lib/python3.8/site-packages/django/core/checks/registry.py first seen with mtime 1711993986.0
File /mnt/c/Users/Lenovo Yoga/Desktop/django-material-dashboard/env/lib/python3.8/site-packages/django/contrib/staticfiles/checks.py first seen with mtime 1711993986.0
File /mnt/c/Users/Lenovo Yoga/Desktop/django-material-dashboard/env/lib/python3.8/site-packages/docker/transport/__init__.py first seen with mtime 1716669900.0
File /mnt/c/Users/Lenovo Yoga/Desktop/django-material-dashboard/env/lib/python3.8/site-packages/django/forms/forms.py first seen with mtime 1711993986.0
File /mnt/c/Users/Lenovo Yoga/Desktop/django-material-dashboard/env/lib/python3.8/site-packages/docker/utils/fnmatch.py first seen with mtime 1716669900.0
File /mnt/c/Users/Lenovo Yoga/Desktop/django-material-dashboard/env/lib/python3.8/site-packages/docker/models/containers.py first seen with mtime 1716669900.0
File /mnt/c/Users/Lenovo Yoga/Desktop/django-material-dashboard/env/lib/python3.8/site-packages/django/views/i18n.py first seen with mtime 1711993986.0
File /usr/lib/python3.8/email/base64mime.py first seen with mtime 1700648555.0
File /mnt/c/Users/Lenovo Yoga/Desktop/django-material-dashboard/env/lib/python3.8/site-packages/asgiref/current_thread_executor.py first seen with mtime 1711993982.0
File /usr/lib/python3.8/concurrent/futures/thread.py first seen with mtime 1700648555.0
File /usr/lib/python3.8/ssl.py first seen with mtime 1700648555.0
File /mnt/c/Users/Lenovo Yoga/Desktop/django-material-dashboard/env/lib/python3.8/site-packages/admin_material/views.py first seen with mtime 1711994193.0
File /usr/lib/python3.8/uu.py first seen with mtime 1700648555.0
File /mnt/c/Users/Lenovo Yoga/Desktop/django-material-dashboard/env/lib/python3.8/site-packages/django/core/management/commands/runserver.py first seen with mtime 1711993986.0
File /mnt/c/Users/Lenovo Yoga/Desktop/django-material-dashboard/env/lib/python3.8/site-packages/django/core/exceptions.py first seen with mtime 1711993986.0
File /mnt/c/Users/Lenovo Yoga/Desktop/django-material-dashboard/env/lib/python3.8/site-packages/django/contrib/admin/checks.py first seen with mtime 1711993985.0
File /mnt/c/Users/Lenovo Yoga/Desktop/django-material-dashboard/env/lib/python3.8/site-packages/django/views/generic/edit.py first seen with mtime 1711993986.0
File /mnt/c/Users/Lenovo Yoga/Desktop/django-material-dashboard/env/lib/python3.8/site-packages/docker/api/swarm.py first seen with mtime 1716669900.0
File /mnt/c/Users/Lenovo Yoga/Desktop/django-material-dashboard/env/lib/python3.8/site-packages/django/template/loaders/app_directories.py first seen with mtime 1711993986.0
File /mnt/c/Users/Lenovo Yoga/Desktop/django-material-dashboard/env/lib/python3.8/site-packages/django/urls/exceptions.py first seen with mtime 1711993986.0
File /mnt/c/Users/Lenovo Yoga/Desktop/django-material-dashboard/env/lib/python3.8/site-packages/django/utils/dateparse.py first seen with mtime 1711993986.0
File /mnt/c/Users/Lenovo Yoga/Desktop/django-material-dashboard/env/lib/python3.8/site-packages/django/contrib/contenttypes/views.py first seen with mtime 1711993986.0
File /mnt/c/Users/Lenovo Yoga/Desktop/django-material-dashboard/env/lib/python3.8/site-packages/django/forms/formsets.py first seen with mtime 1711993986.0
File /mnt/c/Users/Lenovo Yoga/Desktop/django-material-dashboard/env/lib/python3.8/site-packages/django/middleware/cache.py first seen with mtime 1711993986.0
File /mnt/c/Users/Lenovo Yoga/Desktop/django-material-dashboard/env/lib/python3.8/site-packages/django/contrib/sessions/base_session.py first seen with mtime 1711993986.0
File /usr/lib/python3.8/lib-dynload/_uuid.cpython-38-x86_64-linux-gnu.so first seen with mtime 1700648555.0
File /usr/lib/python3.8/hashlib.py first seen with mtime 1700648555.0
File /mnt/c/Users/Lenovo Yoga/Desktop/django-material-dashboard/env/lib/python3.8/site-packages/dotenv/__init__.py first seen with mtime 1711994192.0
File /mnt/c/Users/Lenovo Yoga/Desktop/django-material-dashboard/env/lib/python3.8/site-packages/docker/errors.py first seen with mtime 1716669900.0
File /mnt/c/Users/Lenovo Yoga/Desktop/django-material-dashboard/env/lib/python3.8/site-packages/django/contrib/contenttypes/apps.py first seen with mtime 1711993986.0
File /mnt/c/Users/Lenovo Yoga/Desktop/django-material-dashboard/env/lib/python3.8/site-packages/requests/packages.py first seen with mtime 1715272342.0
File /mnt/c/Users/Lenovo Yoga/Desktop/django-material-dashboard/env/lib/python3.8/site-packages/django/db/__init__.py first seen with mtime 1711993986.0
File /usr/lib/python3.8/dataclasses.py first seen with mtime 1700648555.0
File /mnt/c/Users/Lenovo Yoga/Desktop/django-material-dashboard/env/lib/python3.8/site-packages/django/urls/base.py first seen with mtime 1711993986.0
File /usr/lib/python3.8/importlib/__init__.py first seen with mtime 1700648555.0
File /mnt/c/Users/Lenovo Yoga/Desktop/django-material-dashboard/env/lib/python3.8/site-packages/django/utils/lorem_ipsum.py first seen with mtime 1711993986.0
File /usr/lib/python3.8/posixpath.py first seen with mtime 1700648555.0
File /usr/lib/python3.8/email/mime/text.py first seen with mtime 1700648555.0
File /mnt/c/Users/Lenovo Yoga/Desktop/django-material-dashboard/env/lib/python3.8/site-packages/django/contrib/contenttypes/admin.py first seen with mtime 1711993986.0
File /usr/lib/python3.8/email/encoders.py first seen with mtime 1700648555.0
File /mnt/c/Users/Lenovo Yoga/Desktop/django-material-dashboard/env/lib/python3.8/site-packages/django/contrib/admin/apps.py first seen with mtime 1711993985.0
File /mnt/c/Users/Lenovo Yoga/Desktop/django-material-dashboard/env/lib/python3.8/site-packages/django/contrib/messages/middleware.py first seen with mtime 1711993986.0
File /mnt/c/Users/Lenovo Yoga/Desktop/django-material-dashboard/env/lib/python3.8/site-packages/sqlparse/exceptions.py first seen with mtime 1711993983.0
File /usr/lib/python3.8/stringprep.py first seen with mtime 1700648555.0
File /mnt/c/Users/Lenovo Yoga/Desktop/django-material-dashboard/env/lib/python3.8/site-packages/charset_normalizer/md.cpython-38-x86_64-linux-gnu.so first seen with mtime 1715272338.0
File /mnt/c/Users/Lenovo Yoga/Desktop/django-material-dashboard/env/lib/python3.8/site-packages/crispy_forms/templatetags/crispy_forms_utils.py first seen with mtime 1715272258.0
File /mnt/c/Users/Lenovo Yoga/Desktop/django-material-dashboard/env/lib/python3.8/site-packages/django/contrib/sites/__init__.py first seen with mtime 1711993986.0
File /mnt/c/Users/Lenovo Yoga/Desktop/django-material-dashboard/env/lib/python3.8/site-packages/django/template/library.py first seen with mtime 1711993986.0
File /mnt/c/Users/Lenovo Yoga/Desktop/django-material-dashboard/env/lib/python3.8/site-packages/django/db/models/lookups.py first seen with mtime 1711993986.0
File /mnt/c/Users/Lenovo Yoga/Desktop/django-material-dashboard/env/lib/python3.8/site-packages/django/templatetags/static.py first seen with mtime 1711993986.0
File /mnt/c/Users/Lenovo Yoga/Desktop/django-material-dashboard/env/lib/python3.8/site-packages/django/db/models/constants.py first seen with mtime 1711993986.0
File /mnt/c/Users/Lenovo Yoga/Desktop/django-material-dashboard/env/lib/python3.8/site-packages/charset_normalizer/legacy.py first seen with mtime 1715272338.0
File /mnt/c/Users/Lenovo Yoga/Desktop/django-material-dashboard/env/lib/python3.8/site-packages/django/contrib/auth/urls.py first seen with mtime 1711993986.0
File /mnt/c/Users/Lenovo Yoga/Desktop/django-material-dashboard/env/lib/python3.8/site-packages/django/contrib/messages/storage/base.py first seen with mtime 1711993986.0
File /mnt/c/Users/Lenovo Yoga/Desktop/django-material-dashboard/env/lib/python3.8/site-packages/django/middleware/csrf.py first seen with mtime 1711993986.0
File /mnt/c/Users/Lenovo Yoga/Desktop/django-material-dashboard/env/lib/python3.8/site-packages/django/contrib/admin/migrations/__init__.py first seen with mtime 1711993986.0
File /mnt/c/Users/Lenovo Yoga/Desktop/django-material-dashboard/env/lib/python3.8/site-packages/sqlparse/engine/filter_stack.py first seen with mtime 1711993983.0
File /mnt/c/Users/Lenovo Yoga/Desktop/django-material-dashboard/env/lib/python3.8/site-packages/_virtualenv.py first seen with mtime 1711993937.0359828
File /mnt/c/Users/Lenovo Yoga/Desktop/django-material-dashboard/env/lib/python3.8/site-packages/docker/types/daemon.py first seen with mtime 1716669900.0
File /mnt/c/Users/Lenovo Yoga/Desktop/django-material-dashboard/env/lib/python3.8/site-packages/django/contrib/auth/base_user.py first seen with mtime 1711993986.0
File /mnt/c/Users/Lenovo Yoga/Desktop/licenta/dockerfile_gen/home/apps.py first seen with mtime 1711993878.2246442
File /mnt/c/Users/Lenovo Yoga/Desktop/django-material-dashboard/env/lib/python3.8/site-packages/django/contrib/sessions/__init__.py first seen with mtime 1711993986.0
File /usr/lib/python3.8/lib-dynload/_queue.cpython-38-x86_64-linux-gnu.so first seen with mtime 1700648555.0
File /mnt/c/Users/Lenovo Yoga/Desktop/django-material-dashboard/env/lib/python3.8/site-packages/django/core/checks/security/__init__.py first seen with mtime 1711993986.0
File /mnt/c/Users/Lenovo Yoga/Desktop/django-material-dashboard/env/lib/python3.8/site-packages/django/contrib/auth/password_validation.py first seen with mtime 1711993986.0
File /mnt/c/Users/Lenovo Yoga/Desktop/django-material-dashboard/env/lib/python3.8/site-packages/django/db/backends/sqlite3/introspection.py first seen with mtime 1711993986.0
File /mnt/c/Users/Lenovo Yoga/Desktop/django-material-dashboard/env/lib/python3.8/site-packages/django/db/backends/signals.py first seen with mtime 1711993986.0
File /mnt/c/Users/Lenovo Yoga/Desktop/licenta/dockerfile_gen/home/admin.py first seen with mtime 1711993878.2207208
File /usr/lib/python3.8/dis.py first seen with mtime 1700648555.0
File /mnt/c/Users/Lenovo Yoga/Desktop/django-material-dashboard/env/lib/python3.8/site-packages/django/utils/safestring.py first seen with mtime 1711993986.0
File /mnt/c/Users/Lenovo Yoga/Desktop/django-material-dashboard/env/lib/python3.8/site-packages/django/contrib/auth/__init__.py first seen with mtime 1711993986.0
File /usr/lib/python3.8/socketserver.py first seen with mtime 1700648555.0
File /usr/lib/python3.8/urllib/request.py first seen with mtime 1700648555.0
File /mnt/c/Users/Lenovo Yoga/Desktop/django-material-dashboard/env/lib/python3.8/site-packages/docker/context/config.py first seen with mtime 1716669900.0
File /usr/lib/python3.8/lib-dynload/_multibytecodec.cpython-38-x86_64-linux-gnu.so first seen with mtime 1700648555.0
File /mnt/c/Users/Lenovo Yoga/Desktop/django-material-dashboard/env/lib/python3.8/site-packages/admin_material/models.py first seen with mtime 1711994193.0
File /mnt/c/Users/Lenovo Yoga/Desktop/django-material-dashboard/env/lib/python3.8/site-packages/django/template/backends/__init__.py first seen with mtime 1711993986.0
File /mnt/c/Users/Lenovo Yoga/Desktop/django-material-dashboard/env/lib/python3.8/site-packages/django/utils/cache.py first seen with mtime 1711993986.0
File /mnt/c/Users/Lenovo Yoga/Desktop/django-material-dashboard/env/lib/python3.8/site-packages/urllib3/util/request.py first seen with mtime 1715272333.0
File /mnt/c/Users/Lenovo Yoga/Desktop/django-material-dashboard/env/lib/python3.8/site-packages/django/contrib/contenttypes/models.py first seen with mtime 1711993986.0
File /usr/lib/python3.8/gettext.py first seen with mtime 1700648555.0
File /mnt/c/Users/Lenovo Yoga/Desktop/django-material-dashboard/env/lib/python3.8/site-packages/django/utils/translation/reloader.py first seen with mtime 1711993986.0
File /mnt/c/Users/Lenovo Yoga/Desktop/django-material-dashboard/env/lib/python3.8/site-packages/idna/idnadata.py first seen with mtime 1715272341.0
File /mnt/c/Users/Lenovo Yoga/Desktop/django-material-dashboard/env/lib/python3.8/site-packages/django/core/checks/security/sessions.py first seen with mtime 1711993986.0
File /mnt/c/Users/Lenovo Yoga/Desktop/django-material-dashboard/env/lib/python3.8/site-packages/django/contrib/admin/templatetags/admin_modify.py first seen with mtime 1711993986.0
File /mnt/c/Users/Lenovo Yoga/Desktop/django-material-dashboard/env/lib/python3.8/site-packages/django/core/management/base.py first seen with mtime 1711993986.0
File /usr/lib/python3.8/collections/abc.py first seen with mtime 1700648555.0
File /mnt/c/Users/Lenovo Yoga/Desktop/django-material-dashboard/env/lib/python3.8/site-packages/urllib3/contrib/__init__.py first seen with mtime 1715272333.0
File /mnt/c/Users/Lenovo Yoga/Desktop/django-material-dashboard/env/lib/python3.8/site-packages/django/contrib/staticfiles/utils.py first seen with mtime 1711993986.0
File /mnt/c/Users/Lenovo Yoga/Desktop/django-material-dashboard/env/lib/python3.8/site-packages/charset_normalizer/utils.py first seen with mtime 1715272338.0
File /mnt/c/Users/Lenovo Yoga/Desktop/django-material-dashboard/env/lib/python3.8/site-packages/django/db/migrations/__init__.py first seen with mtime 1711993986.0
File /usr/lib/python3.8/_weakrefset.py first seen with mtime 1700648555.0
File /usr/lib/python3.8/codecs.py first seen with mtime 1700648555.0
File /usr/lib/python3.8/asyncio/trsock.py first seen with mtime 1700648555.0
File /mnt/c/Users/Lenovo Yoga/Desktop/django-material-dashboard/env/lib/python3.8/site-packages/backports/zoneinfo/_czoneinfo.cpython-38-x86_64-linux-gnu.so first seen with mtime 1711993984.0
File /mnt/c/Users/Lenovo Yoga/Desktop/django-material-dashboard/env/lib/python3.8/site-packages/requests/status_codes.py first seen with mtime 1715272342.0
File /usr/lib/python3.8/pathlib.py first seen with mtime 1700648555.0
File /usr/lib/python3.8/argparse.py first seen with mtime 1700648555.0
File /mnt/c/Users/Lenovo Yoga/Desktop/django-material-dashboard/env/lib/python3.8/site-packages/docker/__init__.py first seen with mtime 1716669900.0
File /mnt/c/Users/Lenovo Yoga/Desktop/django-material-dashboard/env/lib/python3.8/site-packages/docker/models/secrets.py first seen with mtime 1716669900.0
File /mnt/c/Users/Lenovo Yoga/Desktop/django-material-dashboard/env/lib/python3.8/site-packages/django/db/backends/sqlite3/schema.py first seen with mtime 1711993986.0
File /mnt/c/Users/Lenovo Yoga/Desktop/django-material-dashboard/env/lib/python3.8/site-packages/sqlparse/utils.py first seen with mtime 1711993983.0
File /usr/lib/python3.8/asyncio/sslproto.py first seen with mtime 1700648555.0
File /usr/lib/python3.8/encodings/utf_8.py first seen with mtime 1700648555.0
File /mnt/c/Users/Lenovo Yoga/Desktop/django-material-dashboard/env/lib/python3.8/site-packages/urllib3/util/retry.py first seen with mtime 1715272333.0
File /usr/lib/python3.8/datetime.py first seen with mtime 1700648555.0
File /usr/lib/python3.8/email/mime/multipart.py first seen with mtime 1700648555.0
File /usr/lib/python3.8/types.py first seen with mtime 1700648555.0
File /mnt/c/Users/Lenovo Yoga/Desktop/django-material-dashboard/env/lib/python3.8/site-packages/django/contrib/admin/utils.py first seen with mtime 1711993985.0
File /mnt/c/Users/Lenovo Yoga/Desktop/django-material-dashboard/env/lib/python3.8/site-packages/urllib3/util/ssl_match_hostname.py first seen with mtime 1715272333.0
File /mnt/c/Users/Lenovo Yoga/Desktop/django-material-dashboard/env/lib/python3.8/site-packages/docker/api/__init__.py first seen with mtime 1716669900.0
File /usr/lib/python3.8/urllib/error.py first seen with mtime 1700648555.0
File /usr/lib/python3.8/multiprocessing/__init__.py first seen with mtime 1700648555.0
File /usr/lib/python3.8/asyncio/unix_events.py first seen with mtime 1700648555.0
File /mnt/c/Users/Lenovo Yoga/Desktop/django-material-dashboard/env/lib/python3.8/site-packages/django/utils/tree.py first seen with mtime 1711993986.0
File /mnt/c/Users/Lenovo Yoga/Desktop/django-material-dashboard/env/lib/python3.8/site-packages/django/db/migrations/migration.py first seen with mtime 1711993986.0
File /mnt/c/Users/Lenovo Yoga/Desktop/django-material-dashboard/env/lib/python3.8/site-packages/docker/types/base.py first seen with mtime 1716669900.0
File /usr/lib/python3.8/http/cookiejar.py first seen with mtime 1700648555.0
File /mnt/c/Users/Lenovo Yoga/Desktop/django-material-dashboard/env/lib/python3.8/site-packages/django/db/models/fields/related_descriptors.py first seen with mtime 1711993986.0
File /mnt/c/Users/Lenovo Yoga/Desktop/django-material-dashboard/env/lib/python3.8/site-packages/requests/auth.py first seen with mtime 1715272342.0
File /mnt/c/Users/Lenovo Yoga/Desktop/licenta/dockerfile_gen/core/urls.py first seen with mtime 1712268212.9925344
File /usr/lib/python3.8/email/contentmanager.py first seen with mtime 1700648555.0
File /mnt/c/Users/Lenovo Yoga/Desktop/django-material-dashboard/env/lib/python3.8/site-packages/django/utils/crypto.py first seen with mtime 1711993986.0
File /mnt/c/Users/Lenovo Yoga/Desktop/django-material-dashboard/env/lib/python3.8/site-packages/django/utils/_os.py first seen with mtime 1711993986.0
File /usr/lib/python3.8/lib-dynload/_hashlib.cpython-38-x86_64-linux-gnu.so first seen with mtime 1700648555.0
File /mnt/c/Users/Lenovo Yoga/Desktop/django-material-dashboard/env/lib/python3.8/site-packages/django/templatetags/tz.py first seen with mtime 1711993986.0
File /usr/lib/python3.8/asyncio/selector_events.py first seen with mtime 1700648555.0
File /mnt/c/Users/Lenovo Yoga/Desktop/django-material-dashboard/env/lib/python3.8/site-packages/django/db/backends/base/__init__.py first seen with mtime 1711993986.0
File /mnt/c/Users/Lenovo Yoga/Desktop/django-material-dashboard/env/lib/python3.8/site-packages/django/db/models/fields/files.py first seen with mtime 1711993986.0
File /usr/lib/python3.8/pkgutil.py first seen with mtime 1700648555.0
File /usr/lib/python3.8/contextlib.py first seen with mtime 1700648555.0
File /mnt/c/Users/Lenovo Yoga/Desktop/django-material-dashboard/env/lib/python3.8/site-packages/django/template/backends/django.py first seen with mtime 1711993986.0
File /mnt/c/Users/Lenovo Yoga/Desktop/django-material-dashboard/env/lib/python3.8/site-packages/django/contrib/auth/management/__init__.py first seen with mtime 1711993986.0
File /mnt/c/Users/Lenovo Yoga/Desktop/django-material-dashboard/env/lib/python3.8/site-packages/django/utils/version.py first seen with mtime 1711993986.0
File /mnt/c/Users/Lenovo Yoga/Desktop/django-material-dashboard/env/lib/python3.8/site-packages/docker/utils/utils.py first seen with mtime 1716669900.0
File /mnt/c/Users/Lenovo Yoga/Desktop/django-material-dashboard/env/lib/python3.8/site-packages/admin_material/urls.py first seen with mtime 1711994193.0
File /mnt/c/Users/Lenovo Yoga/Desktop/django-material-dashboard/env/lib/python3.8/site-packages/docker/types/healthcheck.py first seen with mtime 1716669900.0
File /usr/lib/python3.8/email/mime/base.py first seen with mtime 1700648555.0
File /usr/lib/python3.8/_bootlocale.py first seen with mtime 1700648555.0
File /mnt/c/Users/Lenovo Yoga/Desktop/django-material-dashboard/env/lib/python3.8/site-packages/docker/utils/proxy.py first seen with mtime 1716669900.0
File /usr/lib/python3.8/asyncio/queues.py first seen with mtime 1700648555.0
File /usr/lib/python3.8/_markupbase.py first seen with mtime 1700648555.0
File /mnt/c/Users/Lenovo Yoga/Desktop/django-material-dashboard/env/lib/python3.8/site-packages/docker/api/network.py first seen with mtime 1716669900.0
File /mnt/c/Users/Lenovo Yoga/Desktop/django-material-dashboard/env/lib/python3.8/site-packages/requests/__version__.py first seen with mtime 1715272342.0
File /mnt/c/Users/Lenovo Yoga/Desktop/licenta/dockerfile_gen/core/__init__.py first seen with mtime 1711993878.1887183
File /mnt/c/Users/Lenovo Yoga/Desktop/django-material-dashboard/env/lib/python3.8/site-packages/django/core/cache/utils.py first seen with mtime 1711993986.0
File /mnt/c/Users/Lenovo Yoga/Desktop/django-material-dashboard/env/lib/python3.8/site-packages/django/views/decorators/http.py first seen with mtime 1711993986.0
File /mnt/c/Users/Lenovo Yoga/Desktop/django-material-dashboard/env/lib/python3.8/site-packages/django/contrib/admin/views/main.py first seen with mtime 1711993986.0
File /mnt/c/Users/Lenovo Yoga/Desktop/django-material-dashboard/env/lib/python3.8/site-packages/django/views/generic/__init__.py first seen with mtime 1711993986.0
File /mnt/c/Users/Lenovo Yoga/Desktop/django-material-dashboard/env/lib/python3.8/site-packages/django/db/migrations/operations/models.py first seen with mtime 1711993986.0
File /mnt/c/Users/Lenovo Yoga/Desktop/django-material-dashboard/env/lib/python3.8/site-packages/django/template/__init__.py first seen with mtime 1711993986.0
File /mnt/c/Users/Lenovo Yoga/Desktop/django-material-dashboard/env/lib/python3.8/site-packages/django/db/migrations/operations/special.py first seen with mtime 1711993986.0
File /usr/lib/python3.8/json/encoder.py first seen with mtime 1700648555.0
File /mnt/c/Users/Lenovo Yoga/Desktop/django-material-dashboard/env/lib/python3.8/site-packages/requests/models.py first seen with mtime 1715272342.0
File /usr/lib/python3.8/copyreg.py first seen with mtime 1700648555.0
File /mnt/c/Users/Lenovo Yoga/Desktop/django-material-dashboard/env/lib/python3.8/site-packages/docker/api/secret.py first seen with mtime 1716669900.0
File /mnt/c/Users/Lenovo Yoga/Desktop/django-material-dashboard/env/lib/python3.8/site-packages/django/utils/numberformat.py first seen with mtime 1711993986.0
File /usr/lib/python3.8/html/entities.py first seen with mtime 1700648555.0
File /mnt/c/Users/Lenovo Yoga/Desktop/django-material-dashboard/env/lib/python3.8/site-packages/idna/package_data.py first seen with mtime 1715272341.0
File /mnt/c/Users/Lenovo Yoga/Desktop/django-material-dashboard/env/lib/python3.8/site-packages/charset_normalizer/constant.py first seen with mtime 1715272338.0
File /mnt/c/Users/Lenovo Yoga/Desktop/django-material-dashboard/env/lib/python3.8/site-packages/requests/adapters.py first seen with mtime 1715272342.0
File /mnt/c/Users/Lenovo Yoga/Desktop/django-material-dashboard/env/lib/python3.8/site-packages/django/db/models/manager.py first seen with mtime 1711993986.0
File /mnt/c/Users/Lenovo Yoga/Desktop/django-material-dashboard/env/lib/python3.8/site-packages/requests/hooks.py first seen with mtime 1715272342.0
File /mnt/c/Users/Lenovo Yoga/Desktop/django-material-dashboard/env/lib/python3.8/site-packages/admin_material/__init__.py first seen with mtime 1711994193.0
File /usr/lib/python3.8/decimal.py first seen with mtime 1700648555.0
File /mnt/c/Users/Lenovo Yoga/Desktop/django-material-dashboard/env/lib/python3.8/site-packages/django/db/backends/__init__.py first seen with mtime 1711993986.0
File /usr/lib/python3.8/email/headerregistry.py first seen with mtime 1700648555.0
File /usr/lib/python3.8/sqlite3/__init__.py first seen with mtime 1700648555.0
File /mnt/c/Users/Lenovo Yoga/Desktop/django-material-dashboard/env/lib/python3.8/site-packages/django/db/models/utils.py first seen with mtime 1711993986.0
File /mnt/c/Users/Lenovo Yoga/Desktop/django-material-dashboard/env/lib/python3.8/site-packages/sqlparse/filters/tokens.py first seen with mtime 1711993983.0
File /mnt/c/Users/Lenovo Yoga/Desktop/django-material-dashboard/env/lib/python3.8/site-packages/django/shortcuts.py first seen with mtime 1711993985.0
File /mnt/c/Users/Lenovo Yoga/Desktop/django-material-dashboard/env/lib/python3.8/site-packages/docker/models/resource.py first seen with mtime 1716669900.0
File /mnt/c/Users/Lenovo Yoga/Desktop/django-material-dashboard/env/lib/python3.8/site-packages/django/views/__init__.py first seen with mtime 1711993986.0
File /mnt/c/Users/Lenovo Yoga/Desktop/django-material-dashboard/env/lib/python3.8/site-packages/django/http/response.py first seen with mtime 1711993986.0
File /usr/lib/python3.8/warnings.py first seen with mtime 1700648555.0
File /usr/lib/python3.8/numbers.py first seen with mtime 1700648555.0
File /mnt/c/Users/Lenovo Yoga/Desktop/django-material-dashboard/env/lib/python3.8/site-packages/django/contrib/contenttypes/__init__.py first seen with mtime 1711993986.0
File /mnt/c/Users/Lenovo Yoga/Desktop/django-material-dashboard/env/lib/python3.8/site-packages/sqlparse/filters/right_margin.py first seen with mtime 1711993983.0
File /mnt/c/Users/Lenovo Yoga/Desktop/django-material-dashboard/env/lib/python3.8/site-packages/django/core/files/__init__.py first seen with mtime 1711993986.0
File /mnt/c/Users/Lenovo Yoga/Desktop/django-material-dashboard/env/lib/python3.8/site-packages/django/views/generic/dates.py first seen with mtime 1711993986.0
File /usr/lib/python3.8/email/_header_value_parser.py first seen with mtime 1700648555.0
File /mnt/c/Users/Lenovo Yoga/Desktop/django-material-dashboard/env/lib/python3.8/site-packages/django/contrib/admin/templatetags/__init__.py first seen with mtime 1711993986.0
File /usr/lib/python3.8/wsgiref/simple_server.py first seen with mtime 1700648555.0
File /mnt/c/Users/Lenovo Yoga/Desktop/django-material-dashboard/env/lib/python3.8/site-packages/django/db/models/functions/datetime.py first seen with mtime 1711993986.0
File /mnt/c/Users/Lenovo Yoga/Desktop/django-material-dashboard/env/lib/python3.8/site-packages/django/template/loaders/__init__.py first seen with mtime 1711993986.0
File /mnt/c/Users/Lenovo Yoga/Desktop/django-material-dashboard/env/lib/python3.8/site-packages/backports/zoneinfo/_common.py first seen with mtime 1711993984.0
File /mnt/c/Users/Lenovo Yoga/Desktop/django-material-dashboard/env/lib/python3.8/site-packages/urllib3/connectionpool.py first seen with mtime 1715272333.0
File /mnt/c/Users/Lenovo Yoga/Desktop/django-material-dashboard/env/lib/python3.8/site-packages/docker/api/config.py first seen with mtime 1716669900.0
File /usr/lib/python3.8/keyword.py first seen with mtime 1700648555.0
File /mnt/c/Users/Lenovo Yoga/Desktop/django-material-dashboard/env/lib/python3.8/site-packages/docker/api/volume.py first seen with mtime 1716669900.0
File /usr/lib/python3.8/urllib/parse.py first seen with mtime 1700648555.0
File /usr/lib/python3.8/weakref.py first seen with mtime 1700648555.0
File /mnt/c/Users/Lenovo Yoga/Desktop/django-material-dashboard/env/lib/python3.8/site-packages/requests/cookies.py first seen with mtime 1715272342.0
File /mnt/c/Users/Lenovo Yoga/Desktop/django-material-dashboard/env/lib/python3.8/site-packages/django/template/smartif.py first seen with mtime 1711993986.0
File /mnt/c/Users/Lenovo Yoga/Desktop/django-material-dashboard/env/lib/python3.8/site-packages/django/utils/regex_helper.py first seen with mtime 1711993986.0
File /usr/lib/python3.8/abc.py first seen with mtime 1700648555.0
File /mnt/c/Users/Lenovo Yoga/Desktop/django-material-dashboard/env/lib/python3.8/site-packages/docker/models/services.py first seen with mtime 1716669900.0
File /usr/lib/python3.8/lib-dynload/_decimal.cpython-38-x86_64-linux-gnu.so first seen with mtime 1700648555.0
File /usr/lib/python3.8/_collections_abc.py first seen with mtime 1700648555.0
File /mnt/c/Users/Lenovo Yoga/Desktop/django-material-dashboard/env/lib/python3.8/site-packages/django/forms/renderers.py first seen with mtime 1711993986.0
File /mnt/c/Users/Lenovo Yoga/Desktop/django-material-dashboard/env/lib/python3.8/site-packages/crispy_forms/__init__.py first seen with mtime 1715272258.0
File /mnt/c/Users/Lenovo Yoga/Desktop/django-material-dashboard/env/lib/python3.8/site-packages/crispy_forms/templatetags/__init__.py first seen with mtime 1715272258.0
File /mnt/c/Users/Lenovo Yoga/Desktop/django-material-dashboard/env/lib/python3.8/site-packages/django/urls/converters.py first seen with mtime 1711993986.0
File /mnt/c/Users/Lenovo Yoga/Desktop/django-material-dashboard/env/lib/python3.8/site-packages/django/views/decorators/__init__.py first seen with mtime 1711993986.0
File /usr/lib/python3.8/logging/handlers.py first seen with mtime 1700648555.0
File /mnt/c/Users/Lenovo Yoga/Desktop/django-material-dashboard/env/lib/python3.8/site-packages/sqlparse/formatter.py first seen with mtime 1711993983.0
File /mnt/c/Users/Lenovo Yoga/Desktop/django-material-dashboard/env/lib/python3.8/site-packages/docker/api/container.py first seen with mtime 1716669900.0
File /usr/lib/python3.8/email/policy.py first seen with mtime 1700648555.0
File /usr/lib/python3.8/urllib/response.py first seen with mtime 1700648555.0
File /usr/lib/python3.8/asyncio/exceptions.py first seen with mtime 1700648555.0
File /mnt/c/Users/Lenovo Yoga/Desktop/django-material-dashboard/env/lib/python3.8/site-packages/sqlparse/engine/grouping.py first seen with mtime 1711993983.0
File /mnt/c/Users/Lenovo Yoga/Desktop/django-material-dashboard/env/lib/python3.8/site-packages/docker/models/images.py first seen with mtime 1716669900.0
File /mnt/c/Users/Lenovo Yoga/Desktop/django-material-dashboard/env/lib/python3.8/site-packages/loginas/settings.py first seen with mtime 1712267615.0
File /usr/lib/python3.8/wsgiref/util.py first seen with mtime 1700648555.0
File /mnt/c/Users/Lenovo Yoga/Desktop/django-material-dashboard/env/lib/python3.8/site-packages/django/contrib/sessions/exceptions.py first seen with mtime 1711993986.0
File /mnt/c/Users/Lenovo Yoga/Desktop/django-material-dashboard/env/lib/python3.8/site-packages/django/utils/translation/__init__.py first seen with mtime 1711993986.0
File /mnt/c/Users/Lenovo Yoga/Desktop/django-material-dashboard/env/lib/python3.8/site-packages/urllib3/util/response.py first seen with mtime 1715272333.0
File /mnt/c/Users/Lenovo Yoga/Desktop/django-material-dashboard/env/lib/python3.8/site-packages/django/middleware/http.py first seen with mtime 1711993986.0
File /usr/lib/python3.8/wsgiref/handlers.py first seen with mtime 1700648555.0
File /mnt/c/Users/Lenovo Yoga/Desktop/django-material-dashboard/env/lib/python3.8/site-packages/django/contrib/admin/templatetags/admin_urls.py first seen with mtime 1711993986.0
File /mnt/c/Users/Lenovo Yoga/Desktop/django-material-dashboard/env/lib/python3.8/site-packages/idna/intranges.py first seen with mtime 1715272341.0
File /usr/lib/python3.8/email/_parseaddr.py first seen with mtime 1700648555.0
File /mnt/c/Users/Lenovo Yoga/Desktop/django-material-dashboard/env/lib/python3.8/site-packages/urllib3/connection.py first seen with mtime 1715272333.0
File /mnt/c/Users/Lenovo Yoga/Desktop/django-material-dashboard/env/lib/python3.8/site-packages/admin_material/templatetags/admin_material.py first seen with mtime 1711994193.0
File /mnt/c/Users/Lenovo Yoga/Desktop/django-material-dashboard/env/lib/python3.8/site-packages/crispy_forms/templatetags/crispy_forms_tags.py first seen with mtime 1715272258.0
File /mnt/c/Users/Lenovo Yoga/Desktop/django-material-dashboard/env/lib/python3.8/site-packages/crispy_forms/layout_slice.py first seen with mtime 1715272258.0
File /mnt/c/Users/Lenovo Yoga/Desktop/django-material-dashboard/env/lib/python3.8/site-packages/django/contrib/staticfiles/finders.py first seen with mtime 1711993986.0
File /mnt/c/Users/Lenovo Yoga/Desktop/django-material-dashboard/env/lib/python3.8/site-packages/django/contrib/messages/utils.py first seen with mtime 1711993986.0
File /mnt/c/Users/Lenovo Yoga/Desktop/django-material-dashboard/env/lib/python3.8/site-packages/docker/credentials/utils.py first seen with mtime 1716669900.0
File /etc/python3.8/sitecustomize.py first seen with mtime 1584094456.0
File /mnt/c/Users/Lenovo Yoga/Desktop/django-material-dashboard/env/lib/python3.8/site-packages/django/forms/fields.py first seen with mtime 1711993986.0
File /mnt/c/Users/Lenovo Yoga/Desktop/django-material-dashboard/env/lib/python3.8/site-packages/django/utils/functional.py first seen with mtime 1711993986.0
File /mnt/c/Users/Lenovo Yoga/Desktop/django-material-dashboard/env/lib/python3.8/site-packages/urllib3/util/timeout.py first seen with mtime 1715272333.0
File /mnt/c/Users/Lenovo Yoga/Desktop/django-material-dashboard/env/lib/python3.8/site-packages/urllib3/util/util.py first seen with mtime 1715272333.0
File /usr/lib/python3.8/json/scanner.py first seen with mtime 1700648555.0
File /mnt/c/Users/Lenovo Yoga/Desktop/django-material-dashboard/env/lib/python3.8/site-packages/dotenv/parser.py first seen with mtime 1711994192.0
File /mnt/c/Users/Lenovo Yoga/Desktop/django-material-dashboard/env/lib/python3.8/site-packages/django/core/checks/security/base.py first seen with mtime 1711993986.0
File /mnt/c/Users/Lenovo Yoga/Desktop/django-material-dashboard/env/lib/python3.8/site-packages/django/db/models/sql/subqueries.py first seen with mtime 1711993986.0
File /usr/lib/python3.8/secrets.py first seen with mtime 1700648555.0
File /mnt/c/Users/Lenovo Yoga/Desktop/django-material-dashboard/env/lib/python3.8/site-packages/django/views/defaults.py first seen with mtime 1711993986.0
File /mnt/c/Users/Lenovo Yoga/Desktop/django-material-dashboard/env/lib/python3.8/site-packages/django/apps/registry.py first seen with mtime 1711993985.0
File /mnt/c/Users/Lenovo Yoga/Desktop/django-material-dashboard/env/lib/python3.8/site-packages/django/contrib/sessions/backends/__init__.py first seen with mtime 1711993986.0
File /mnt/c/Users/Lenovo Yoga/Desktop/licenta/dockerfile_gen/manage.py first seen with mtime 1711993878.2432938
File /mnt/c/Users/Lenovo Yoga/Desktop/django-material-dashboard/env/lib/python3.8/site-packages/requests/__init__.py first seen with mtime 1715272342.0
File /mnt/c/Users/Lenovo Yoga/Desktop/django-material-dashboard/env/lib/python3.8/site-packages/docker/context/__init__.py first seen with mtime 1716669900.0
File /mnt/c/Users/Lenovo Yoga/Desktop/django-material-dashboard/env/lib/python3.8/site-packages/django/views/static.py first seen with mtime 1711993986.0
File /mnt/c/Users/Lenovo Yoga/Desktop/django-material-dashboard/env/lib/python3.8/site-packages/django/templatetags/cache.py first seen with mtime 1711993986.0
File /mnt/c/Users/Lenovo Yoga/Desktop/django-material-dashboard/env/lib/python3.8/site-packages/django/contrib/staticfiles/handlers.py first seen with mtime 1711993986.0
File /usr/lib/python3.8/opcode.py first seen with mtime 1700648555.0
File /mnt/c/Users/Lenovo Yoga/Desktop/django-material-dashboard/env/lib/python3.8/site-packages/django/db/migrations/exceptions.py first seen with mtime 1711993986.0
File /mnt/c/Users/Lenovo Yoga/Desktop/django-material-dashboard/env/lib/python3.8/site-packages/django/dispatch/dispatcher.py first seen with mtime 1711993986.0
File /usr/lib/python3.8/asyncio/futures.py first seen with mtime 1700648555.0
File /mnt/c/Users/Lenovo Yoga/Desktop/django-material-dashboard/env/lib/python3.8/site-packages/docker/client.py first seen with mtime 1716669900.0
File /mnt/c/Users/Lenovo Yoga/Desktop/django-material-dashboard/env/lib/python3.8/site-packages/django/contrib/staticfiles/views.py first seen with mtime 1711993986.0
File /usr/lib/python3.8/asyncio/tasks.py first seen with mtime 1700648555.0
File /mnt/c/Users/Lenovo Yoga/Desktop/django-material-dashboard/env/lib/python3.8/site-packages/django/db/models/sql/constants.py first seen with mtime 1711993986.0
File /mnt/c/Users/Lenovo Yoga/Desktop/django-material-dashboard/env/lib/python3.8/site-packages/urllib3/filepost.py first seen with mtime 1715272333.0
File /mnt/c/Users/Lenovo Yoga/Desktop/django-material-dashboard/env/lib/python3.8/site-packages/django/db/backends/sqlite3/__init__.py first seen with mtime 1711993986.0
File /mnt/c/Users/Lenovo Yoga/Desktop/django-material-dashboard/env/lib/python3.8/site-packages/sqlparse/cli.py first seen with mtime 1711993983.0
File /usr/lib/python3.8/glob.py first seen with mtime 1700648555.0
File /usr/lib/python3.8/tarfile.py first seen with mtime 1700648555.0
File /mnt/c/Users/Lenovo Yoga/Desktop/django-material-dashboard/env/lib/python3.8/site-packages/django/contrib/admin/helpers.py first seen with mtime 1711993985.0
File /mnt/c/Users/Lenovo Yoga/Desktop/django-material-dashboard/env/lib/python3.8/site-packages/django/core/handlers/__init__.py first seen with mtime 1711993986.0
File /mnt/c/Users/Lenovo Yoga/Desktop/django-material-dashboard/env/lib/python3.8/site-packages/docker/types/networks.py first seen with mtime 1716669900.0
File /usr/lib/python3.8/email/parser.py first seen with mtime 1700648555.0
File /mnt/c/Users/Lenovo Yoga/Desktop/django-material-dashboard/env/lib/python3.8/site-packages/django/middleware/__init__.py first seen with mtime 1711993986.0
File /usr/lib/python3.8/email/utils.py first seen with mtime 1700648555.0
File /mnt/c/Users/Lenovo Yoga/Desktop/django-material-dashboard/env/lib/python3.8/site-packages/django/contrib/staticfiles/apps.py first seen with mtime 1711993986.0
File /usr/lib/python3.8/ntpath.py first seen with mtime 1700648555.0
File /usr/lib/python3.8/tempfile.py first seen with mtime 1700648555.0
File /mnt/c/Users/Lenovo Yoga/Desktop/django-material-dashboard/env/lib/python3.8/site-packages/django/template/loaders/cached.py first seen with mtime 1711993986.0
File /mnt/c/Users/Lenovo Yoga/Desktop/django-material-dashboard/env/lib/python3.8/site-packages/django/db/migrations/state.py first seen with mtime 1711993986.0
File /mnt/c/Users/Lenovo Yoga/Desktop/django-material-dashboard/env/lib/python3.8/site-packages/django/contrib/staticfiles/management/__init__.py first seen with mtime 1711993986.0
File /mnt/c/Users/Lenovo Yoga/Desktop/django-material-dashboard/env/lib/python3.8/site-packages/asgiref/__init__.py first seen with mtime 1711993982.0
File /mnt/c/Users/Lenovo Yoga/Desktop/django-material-dashboard/env/lib/python3.8/site-packages/asgiref/sync.py first seen with mtime 1711993982.0
File /mnt/c/Users/Lenovo Yoga/Desktop/django-material-dashboard/env/lib/python3.8/site-packages/requests/sessions.py first seen with mtime 1715272342.0
File /mnt/c/Users/Lenovo Yoga/Desktop/django-material-dashboard/env/lib/python3.8/site-packages/charset_normalizer/api.py first seen with mtime 1715272338.0
File /usr/lib/python3.8/asyncio/base_futures.py first seen with mtime 1700648555.0
File /usr/lib/python3.8/lib-dynload/_lzma.cpython-38-x86_64-linux-gnu.so first seen with mtime 1700648555.0
File /mnt/c/Users/Lenovo Yoga/Desktop/django-material-dashboard/env/lib/python3.8/site-packages/django/core/cache/backends/__init__.py first seen with mtime 1711993986.0
File /mnt/c/Users/Lenovo Yoga/Desktop/django-material-dashboard/env/lib/python3.8/site-packages/django/core/files/storage/handler.py first seen with mtime 1711993986.0
File /usr/lib/python3.8/sre_compile.py first seen with mtime 1700648555.0
File /usr/lib/python3.8/email/quoprimime.py first seen with mtime 1700648555.0
File /mnt/c/Users/Lenovo Yoga/Desktop/django-material-dashboard/env/lib/python3.8/site-packages/django/utils/hashable.py first seen with mtime 1711993986.0
File /mnt/c/Users/Lenovo Yoga/Desktop/django-material-dashboard/env/lib/python3.8/site-packages/django/core/management/color.py first seen with mtime 1711993986.0
File /mnt/c/Users/Lenovo Yoga/Desktop/django-material-dashboard/env/lib/python3.8/site-packages/django/db/backends/ddl_references.py first seen with mtime 1711993986.0
File /mnt/c/Users/Lenovo Yoga/Desktop/licenta/dockerfile_gen/home/views.py first seen with mtime 1717014288.3745544
File /usr/lib/python3.8/threading.py first seen with mtime 1700648555.0
File /usr/lib/python3.8/_sitebuiltins.py first seen with mtime 1700648555.0
File /usr/lib/python3.8/asyncio/protocols.py first seen with mtime 1700648555.0
File /mnt/c/Users/Lenovo Yoga/Desktop/django-material-dashboard/env/lib/python3.8/site-packages/django/core/files/temp.py first seen with mtime 1711993986.0
File /usr/lib/python3.8/getpass.py first seen with mtime 1700648555.0
File /usr/lib/python3.8/email/feedparser.py first seen with mtime 1700648555.0
File /usr/lib/python3.8/http/cookies.py first seen with mtime 1700648555.0
File /mnt/c/Users/Lenovo Yoga/Desktop/django-material-dashboard/env/lib/python3.8/site-packages/docker/credentials/store.py first seen with mtime 1716669900.0
File /mnt/c/Users/Lenovo Yoga/Desktop/django-material-dashboard/env/lib/python3.8/site-packages/django/forms/utils.py first seen with mtime 1711993986.0
File /usr/lib/python3.8/asyncio/__init__.py first seen with mtime 1700648555.0
File /mnt/c/Users/Lenovo Yoga/Desktop/django-material-dashboard/env/lib/python3.8/site-packages/whitenoise/responders.py first seen with mtime 1711994208.0
File /usr/lib/python3.8/linecache.py first seen with mtime 1700648555.0
File /usr/lib/python3.8/json/decoder.py first seen with mtime 1700648555.0
File /mnt/c/Users/Lenovo Yoga/Desktop/django-material-dashboard/env/lib/python3.8/site-packages/django/db/models/fields/related.py first seen with mtime 1711993986.0
File /mnt/c/Users/Lenovo Yoga/Desktop/django-material-dashboard/env/lib/python3.8/site-packages/django/template/exceptions.py first seen with mtime 1711993986.0
File /mnt/c/Users/Lenovo Yoga/Desktop/django-material-dashboard/env/lib/python3.8/site-packages/urllib3/_base_connection.py first seen with mtime 1715272333.0
File /usr/lib/python3.8/sqlite3/dbapi2.py first seen with mtime 1700648555.0
File /mnt/c/Users/Lenovo Yoga/Desktop/django-material-dashboard/env/lib/python3.8/site-packages/django/utils/deconstruct.py first seen with mtime 1711993986.0
File /usr/lib/python3.8/hmac.py first seen with mtime 1700648555.0
File /usr/lib/python3.8/asyncio/base_subprocess.py first seen with mtime 1700648555.0
File /usr/lib/python3.8/calendar.py first seen with mtime 1700648555.0
File /mnt/c/Users/Lenovo Yoga/Desktop/django-material-dashboard/env/lib/python3.8/site-packages/django/contrib/staticfiles/storage.py first seen with mtime 1711993986.0
File /mnt/c/Users/Lenovo Yoga/Desktop/django-material-dashboard/env/lib/python3.8/site-packages/django/core/checks/database.py first seen with mtime 1711993986.0
File /mnt/c/Users/Lenovo Yoga/Desktop/django-material-dashboard/env/lib/python3.8/site-packages/django/db/migrations/utils.py first seen with mtime 1711993986.0
File /mnt/c/Users/Lenovo Yoga/Desktop/django-material-dashboard/env/lib/python3.8/site-packages/django/dispatch/__init__.py first seen with mtime 1711993986.0
File /mnt/c/Users/Lenovo Yoga/Desktop/django-material-dashboard/env/lib/python3.8/site-packages/django/utils/topological_sort.py first seen with mtime 1711993986.0
File /mnt/c/Users/Lenovo Yoga/Desktop/django-material-dashboard/env/lib/python3.8/site-packages/django/db/backends/base/base.py first seen with mtime 1711993986.0
File /mnt/c/Users/Lenovo Yoga/Desktop/django-material-dashboard/env/lib/python3.8/site-packages/docker/models/__init__.py first seen with mtime 1716669900.0
File /mnt/c/Users/Lenovo Yoga/Desktop/django-material-dashboard/env/lib/python3.8/site-packages/django/core/files/uploadedfile.py first seen with mtime 1711993986.0
File /mnt/c/Users/Lenovo Yoga/Desktop/django-material-dashboard/env/lib/python3.8/site-packages/admin_material/forms.py first seen with mtime 1711994193.0
File /mnt/c/Users/Lenovo Yoga/Desktop/django-material-dashboard/env/lib/python3.8/site-packages/django/core/files/images.py first seen with mtime 1711993986.0
File /mnt/c/Users/Lenovo Yoga/Desktop/django-material-dashboard/env/lib/python3.8/site-packages/django/urls/utils.py first seen with mtime 1711993986.0
File /usr/lib/python3.8/difflib.py first seen with mtime 1700648555.0
File /mnt/c/Users/Lenovo Yoga/Desktop/django-material-dashboard/env/lib/python3.8/site-packages/django/core/handlers/exception.py first seen with mtime 1711993986.0
File /mnt/c/Users/Lenovo Yoga/Desktop/django-material-dashboard/env/lib/python3.8/site-packages/django/contrib/contenttypes/forms.py first seen with mtime 1711993986.0
File /mnt/c/Users/Lenovo Yoga/Desktop/django-material-dashboard/env/lib/python3.8/site-packages/django/contrib/sites/requests.py first seen with mtime 1711993986.0
File /mnt/c/Users/Lenovo Yoga/Desktop/django-material-dashboard/env/lib/python3.8/site-packages/charset_normalizer/models.py first seen with mtime 1715272338.0
File /mnt/c/Users/Lenovo Yoga/Desktop/django-material-dashboard/env/lib/python3.8/site-packages/urllib3/__init__.py first seen with mtime 1715272333.0
File /mnt/c/Users/Lenovo Yoga/Desktop/django-material-dashboard/env/lib/python3.8/site-packages/django/views/generic/base.py first seen with mtime 1711993986.0
File /usr/lib/python3.8/signal.py first seen with mtime 1700648555.0
File /mnt/c/Users/Lenovo Yoga/Desktop/django-material-dashboard/env/lib/python3.8/site-packages/whitenoise/media_types.py first seen with mtime 1711994208.0
File /mnt/c/Users/Lenovo Yoga/Desktop/django-material-dashboard/env/lib/python3.8/site-packages/django/template/base.py first seen with mtime 1711993986.0
File /mnt/c/Users/Lenovo Yoga/Desktop/django-material-dashboard/env/lib/python3.8/site-packages/django/template/engine.py first seen with mtime 1711993986.0
File /mnt/c/Users/Lenovo Yoga/Desktop/django-material-dashboard/env/lib/python3.8/site-packages/django/db/models/fields/reverse_related.py first seen with mtime 1711993986.0
File /usr/lib/python3.8/email/message.py first seen with mtime 1700648555.0
File /mnt/c/Users/Lenovo Yoga/Desktop/django-material-dashboard/env/lib/python3.8/site-packages/django/utils/decorators.py first seen with mtime 1711993986.0
File /mnt/c/Users/Lenovo Yoga/Desktop/django-material-dashboard/env/lib/python3.8/site-packages/django/templatetags/i18n.py first seen with mtime 1711993986.0
File /usr/lib/python3.8/asyncio/log.py first seen with mtime 1700648555.0
File /usr/lib/python3.8/re.py first seen with mtime 1700648555.0
File /mnt/c/Users/Lenovo Yoga/Desktop/django-material-dashboard/env/lib/python3.8/site-packages/urllib3/util/proxy.py first seen with mtime 1715272333.0
File /usr/lib/python3.8/socket.py first seen with mtime 1700648555.0
File /mnt/c/Users/Lenovo Yoga/Desktop/django-material-dashboard/env/lib/python3.8/site-packages/django/contrib/sessions/middleware.py first seen with mtime 1711993986.0
File /mnt/c/Users/Lenovo Yoga/Desktop/django-material-dashboard/env/lib/python3.8/site-packages/django/utils/autoreload.py first seen with mtime 1711993986.0
File /mnt/c/Users/Lenovo Yoga/Desktop/django-material-dashboard/env/lib/python3.8/site-packages/django/contrib/admin/models.py first seen with mtime 1711993985.0
File /usr/lib/python3.8/http/__init__.py first seen with mtime 1700648555.0
File /mnt/c/Users/Lenovo Yoga/Desktop/django-material-dashboard/env/lib/python3.8/site-packages/django/db/models/sql/where.py first seen with mtime 1711993986.0
File /mnt/c/Users/Lenovo Yoga/Desktop/django-material-dashboard/env/lib/python3.8/site-packages/django/core/files/storage/mixins.py first seen with mtime 1711993986.0
File /mnt/c/Users/Lenovo Yoga/Desktop/django-material-dashboard/env/lib/python3.8/site-packages/django/core/mail/__init__.py first seen with mtime 1711993986.0
File /mnt/c/Users/Lenovo Yoga/Desktop/django-material-dashboard/env/lib/python3.8/site-packages/django/template/defaulttags.py first seen with mtime 1711993986.0
File /mnt/c/Users/Lenovo Yoga/Desktop/django-material-dashboard/env/lib/python3.8/site-packages/django/template/loader_tags.py first seen with mtime 1711993986.0
File /mnt/c/Users/Lenovo Yoga/Desktop/django-material-dashboard/env/lib/python3.8/site-packages/django/db/models/functions/mixins.py first seen with mtime 1711993986.0
File /mnt/c/Users/Lenovo Yoga/Desktop/django-material-dashboard/env/lib/python3.8/site-packages/sqlparse/sql.py first seen with mtime 1711993983.0
File /usr/lib/python3.8/collections/__init__.py first seen with mtime 1700648555.0
File /mnt/c/Users/Lenovo Yoga/Desktop/django-material-dashboard/env/lib/python3.8/site-packages/django/core/handlers/asgi.py first seen with mtime 1711993986.0
File /mnt/c/Users/Lenovo Yoga/Desktop/django-material-dashboard/env/lib/python3.8/site-packages/urllib3/_request_methods.py first seen with mtime 1715272333.0
File /mnt/c/Users/Lenovo Yoga/Desktop/django-material-dashboard/env/lib/python3.8/site-packages/docker/utils/socket.py first seen with mtime 1716669900.0
File /mnt/c/Users/Lenovo Yoga/Desktop/django-material-dashboard/env/lib/python3.8/site-packages/django/core/files/base.py first seen with mtime 1711993986.0
File /mnt/c/Users/Lenovo Yoga/Desktop/django-material-dashboard/env/lib/python3.8/site-packages/django/contrib/auth/middleware.py first seen with mtime 1711993986.0
File /mnt/c/Users/Lenovo Yoga/Desktop/django-material-dashboard/env/lib/python3.8/site-packages/django/core/checks/compatibility/django_4_0.py first seen with mtime 1711993986.0
File /usr/lib/python3.8/lib-dynload/_contextvars.cpython-38-x86_64-linux-gnu.so first seen with mtime 1700648555.0
File /usr/lib/python3.8/inspect.py first seen with mtime 1700648555.0
File /mnt/c/Users/Lenovo Yoga/Desktop/django-material-dashboard/env/lib/python3.8/site-packages/sqlparse/engine/__init__.py first seen with mtime 1711993983.0
File /mnt/c/Users/Lenovo Yoga/Desktop/django-material-dashboard/env/lib/python3.8/site-packages/crispy_forms/exceptions.py first seen with mtime 1715272258.0
File /mnt/c/Users/Lenovo Yoga/Desktop/django-material-dashboard/env/lib/python3.8/site-packages/django/http/__init__.py first seen with mtime 1711993986.0
File /mnt/c/Users/Lenovo Yoga/Desktop/django-material-dashboard/env/lib/python3.8/site-packages/django/contrib/admin/templatetags/base.py first seen with mtime 1711993986.0
File /mnt/c/Users/Lenovo Yoga/Desktop/django-material-dashboard/env/lib/python3.8/site-packages/django/http/multipartparser.py first seen with mtime 1711993986.0
File /mnt/c/Users/Lenovo Yoga/Desktop/django-material-dashboard/env/lib/python3.8/site-packages/django/contrib/messages/constants.py first seen with mtime 1711993986.0
File /mnt/c/Users/Lenovo Yoga/Desktop/django-material-dashboard/env/lib/python3.8/site-packages/docker/credentials/constants.py first seen with mtime 1716669900.0
File /mnt/c/Users/Lenovo Yoga/Desktop/django-material-dashboard/env/lib/python3.8/site-packages/dotenv/variables.py first seen with mtime 1711994192.0
File /mnt/c/Users/Lenovo Yoga/Desktop/django-material-dashboard/env/lib/python3.8/site-packages/django/template/loaders/base.py first seen with mtime 1711993986.0
File /mnt/c/Users/Lenovo Yoga/Desktop/licenta/dockerfile_gen/home/models.py first seen with mtime 1716632608.1657917
File /mnt/c/Users/Lenovo Yoga/Desktop/django-material-dashboard/env/lib/python3.8/site-packages/django/db/models/sql/query.py first seen with mtime 1711993986.0
File /usr/lib/python3.8/multiprocessing/reduction.py first seen with mtime 1700648555.0
File /usr/lib/python3.8/lib-dynload/_asyncio.cpython-38-x86_64-linux-gnu.so first seen with mtime 1700648555.0
File /mnt/c/Users/Lenovo Yoga/Desktop/django-material-dashboard/env/lib/python3.8/site-packages/django/template/defaultfilters.py first seen with mtime 1711993986.0
File /usr/lib/python3.8/lib-dynload/_opcode.cpython-38-x86_64-linux-gnu.so first seen with mtime 1700648555.0
File /mnt/c/Users/Lenovo Yoga/Desktop/django-material-dashboard/env/lib/python3.8/site-packages/django/template/utils.py first seen with mtime 1711993986.0
File /mnt/c/Users/Lenovo Yoga/Desktop/django-material-dashboard/env/lib/python3.8/site-packages/django/utils/translation/trans_real.py first seen with mtime 1711993986.0
File /mnt/c/Users/Lenovo Yoga/Desktop/django-material-dashboard/env/lib/python3.8/site-packages/django/views/debug.py first seen with mtime 1711993986.0
File /mnt/c/Users/Lenovo Yoga/Desktop/django-material-dashboard/env/lib/python3.8/site-packages/crispy_forms/base.py first seen with mtime 1715272258.0
File /mnt/c/Users/Lenovo Yoga/Desktop/django-material-dashboard/env/lib/python3.8/site-packages/loginas/views.py first seen with mtime 1712267615.0
File /mnt/c/Users/Lenovo Yoga/Desktop/django-material-dashboard/env/lib/python3.8/site-packages/django/db/models/functions/math.py first seen with mtime 1711993986.0
File /mnt/c/Users/Lenovo Yoga/Desktop/django-material-dashboard/env/lib/python3.8/site-packages/django/utils/timezone.py first seen with mtime 1711993986.0
File /mnt/c/Users/Lenovo Yoga/Desktop/django-material-dashboard/env/lib/python3.8/site-packages/django/core/checks/security/csrf.py first seen with mtime 1711993986.0
File /mnt/c/Users/Lenovo Yoga/Desktop/django-material-dashboard/env/lib/python3.8/site-packages/admin_material/utils.py first seen with mtime 1711994193.0
File /mnt/c/Users/Lenovo Yoga/Desktop/django-material-dashboard/env/lib/python3.8/site-packages/django/db/backends/utils.py first seen with mtime 1711993986.0
File /usr/lib/python3.8/email/charset.py first seen with mtime 1700648555.0
File /usr/lib/python3.8/statistics.py first seen with mtime 1700648555.0
File /mnt/c/Users/Lenovo Yoga/Desktop/django-material-dashboard/env/lib/python3.8/site-packages/sqlparse/engine/statement_splitter.py first seen with mtime 1711993983.0
File /mnt/c/Users/Lenovo Yoga/Desktop/django-material-dashboard/env/lib/python3.8/site-packages/django/db/backends/base/features.py first seen with mtime 1711993986.0
File /mnt/c/Users/Lenovo Yoga/Desktop/django-material-dashboard/env/lib/python3.8/site-packages/dotenv/main.py first seen with mtime 1711994192.0
File /usr/lib/python3.8/tokenize.py first seen with mtime 1700648555.0
File /mnt/c/Users/Lenovo Yoga/Desktop/django-material-dashboard/env/lib/python3.8/site-packages/django/db/models/signals.py first seen with mtime 1711993986.0
File /mnt/c/Users/Lenovo Yoga/Desktop/django-material-dashboard/env/lib/python3.8/site-packages/django/contrib/admin/templatetags/admin_list.py first seen with mtime 1711993986.0
File /usr/lib/python3.8/uuid.py first seen with mtime 1700648555.0
File /mnt/c/Users/Lenovo Yoga/Desktop/django-material-dashboard/env/lib/python3.8/site-packages/urllib3/util/ssltransport.py first seen with mtime 1715272333.0
File /usr/lib/python3.8/asyncio/coroutines.py first seen with mtime 1700648555.0
File /mnt/c/Users/Lenovo Yoga/Desktop/django-material-dashboard/env/lib/python3.8/site-packages/django/db/migrations/executor.py first seen with mtime 1711993986.0
File /mnt/c/Users/Lenovo Yoga/Desktop/django-material-dashboard/env/lib/python3.8/site-packages/backports/zoneinfo/__init__.py first seen with mtime 1711993984.0
File /mnt/c/Users/Lenovo Yoga/Desktop/django-material-dashboard/env/lib/python3.8/site-packages/django/utils/deprecation.py first seen with mtime 1711993986.0
File /mnt/c/Users/Lenovo Yoga/Desktop/django-material-dashboard/env/lib/python3.8/site-packages/django/middleware/security.py first seen with mtime 1711993986.0
File /mnt/c/Users/Lenovo Yoga/Desktop/django-material-dashboard/env/lib/python3.8/site-packages/django/utils/dateformat.py first seen with mtime 1711993986.0
File /mnt/c/Users/Lenovo Yoga/Desktop/django-material-dashboard/env/lib/python3.8/site-packages/docker/models/configs.py first seen with mtime 1716669900.0
File /mnt/c/Users/Lenovo Yoga/Desktop/django-material-dashboard/env/lib/python3.8/site-packages/django/core/validators.py first seen with mtime 1711993986.0
File /mnt/c/Users/Lenovo Yoga/Desktop/django-material-dashboard/env/lib/python3.8/site-packages/backports/zoneinfo/_tzpath.py first seen with mtime 1711993984.0
File /mnt/c/Users/Lenovo Yoga/Desktop/django-material-dashboard/env/lib/python3.8/site-packages/requests/exceptions.py first seen with mtime 1715272342.0
File /mnt/c/Users/Lenovo Yoga/Desktop/django-material-dashboard/env/lib/python3.8/site-packages/django/contrib/admin/widgets.py first seen with mtime 1711993985.0
File /usr/lib/python3.8/importlib/util.py first seen with mtime 1700648555.0
File /mnt/c/Users/Lenovo Yoga/Desktop/django-material-dashboard/env/lib/python3.8/site-packages/django/contrib/messages/apps.py first seen with mtime 1711993986.0
File /usr/lib/python3.8/importlib/resources.py first seen with mtime 1700648555.0
File /mnt/c/Users/Lenovo Yoga/Desktop/django-material-dashboard/env/lib/python3.8/site-packages/django/db/models/query.py first seen with mtime 1711993986.0
File /mnt/c/Users/Lenovo Yoga/Desktop/django-material-dashboard/env/lib/python3.8/site-packages/docker/types/containers.py first seen with mtime 1716669900.0
File /mnt/c/Users/Lenovo Yoga/Desktop/django-material-dashboard/env/lib/python3.8/site-packages/django/contrib/messages/api.py first seen with mtime 1711993986.0
File /mnt/c/Users/Lenovo Yoga/Desktop/django-material-dashboard/env/lib/python3.8/site-packages/django/core/checks/model_checks.py first seen with mtime 1711993986.0
File /mnt/c/Users/Lenovo Yoga/Desktop/django-material-dashboard/env/lib/python3.8/site-packages/django/db/backends/sqlite3/client.py first seen with mtime 1711993986.0
File /mnt/c/Users/Lenovo Yoga/Desktop/django-material-dashboard/env/lib/python3.8/site-packages/sqlparse/filters/__init__.py first seen with mtime 1711993983.0
File /mnt/c/Users/Lenovo Yoga/Desktop/django-material-dashboard/env/lib/python3.8/site-packages/django/views/decorators/debug.py first seen with mtime 1711993986.0
File /mnt/c/Users/Lenovo Yoga/Desktop/django-material-dashboard/env/lib/python3.8/site-packages/django/contrib/messages/storage/__init__.py first seen with mtime 1711993986.0
File /mnt/c/Users/Lenovo Yoga/Desktop/django-material-dashboard/env/lib/python3.8/site-packages/docker/models/nodes.py first seen with mtime 1716669900.0
File /mnt/c/Users/Lenovo Yoga/Desktop/django-material-dashboard/env/lib/python3.8/site-packages/django/template/loaders/filesystem.py first seen with mtime 1711993986.0
File /mnt/c/Users/Lenovo Yoga/Desktop/django-material-dashboard/env/lib/python3.8/site-packages/django/utils/datastructures.py first seen with mtime 1711993986.0
File /usr/lib/python3.8/sre_constants.py first seen with mtime 1700648555.0
File /usr/lib/python3.8/fractions.py first seen with mtime 1700648555.0
File /mnt/c/Users/Lenovo Yoga/Desktop/django-material-dashboard/env/lib/python3.8/site-packages/django/contrib/staticfiles/__init__.py first seen with mtime 1711993986.0
File /mnt/c/Users/Lenovo Yoga/Desktop/django-material-dashboard/env/lib/python3.8/site-packages/charset_normalizer/__init__.py first seen with mtime 1715272338.0
File /usr/lib/python3.8/sre_parse.py first seen with mtime 1700648555.0
File /mnt/c/Users/Lenovo Yoga/Desktop/django-material-dashboard/env/lib/python3.8/site-packages/django/db/models/indexes.py first seen with mtime 1711993986.0
File /mnt/c/Users/Lenovo Yoga/Desktop/django-material-dashboard/env/lib/python3.8/site-packages/crispy_forms/utils.py first seen with mtime 1715272258.0
File /mnt/c/Users/Lenovo Yoga/Desktop/django-material-dashboard/env/lib/python3.8/site-packages/typing_extensions.py first seen with mtime 1711993982.0
File /mnt/c/Users/Lenovo Yoga/Desktop/django-material-dashboard/env/lib/python3.8/site-packages/django/contrib/sessions/backends/base.py first seen with mtime 1711993986.0
File /mnt/c/Users/Lenovo Yoga/Desktop/django-material-dashboard/env/lib/python3.8/site-packages/django/forms/boundfield.py first seen with mtime 1711993986.0
File /mnt/c/Users/Lenovo Yoga/Desktop/django-material-dashboard/env/lib/python3.8/site-packages/docker/tls.py first seen with mtime 1716669900.0
File /mnt/c/Users/Lenovo Yoga/Desktop/django-material-dashboard/env/lib/python3.8/site-packages/str2bool/__init__.py first seen with mtime 1711994193.0
File /usr/lib/python3.8/multiprocessing/process.py first seen with mtime 1700648555.0
File /mnt/c/Users/Lenovo Yoga/Desktop/django-material-dashboard/env/lib/python3.8/site-packages/django/db/models/fields/proxy.py first seen with mtime 1711993986.0
File /usr/lib/python3.8/contextvars.py first seen with mtime 1700648555.0
File /usr/lib/python3.8/os.py first seen with mtime 1700648555.0
File /mnt/c/Users/Lenovo Yoga/Desktop/licenta/dockerfile_gen/home/urls.py first seen with mtime 1716633299.1497285
File /usr/lib/python3.8/html/__init__.py first seen with mtime 1700648555.0
File /mnt/c/Users/Lenovo Yoga/Desktop/django-material-dashboard/env/lib/python3.8/site-packages/sqlparse/tokens.py first seen with mtime 1711993983.0
File /mnt/c/Users/Lenovo Yoga/Desktop/django-material-dashboard/env/lib/python3.8/site-packages/django/utils/html.py first seen with mtime 1711993986.0
File /mnt/c/Users/Lenovo Yoga/Desktop/django-material-dashboard/env/lib/python3.8/site-packages/django/contrib/auth/checks.py first seen with mtime 1711993986.0
File /mnt/c/Users/Lenovo Yoga/Desktop/django-material-dashboard/env/lib/python3.8/site-packages/django/core/cache/backends/filebased.py first seen with mtime 1711993986.0
File /mnt/c/Users/Lenovo Yoga/Desktop/django-material-dashboard/env/lib/python3.8/site-packages/django/contrib/admin/decorators.py first seen with mtime 1711993985.0
File /mnt/c/Users/Lenovo Yoga/Desktop/django-material-dashboard/env/lib/python3.8/site-packages/django/contrib/admin/__init__.py first seen with mtime 1711993985.0
File /mnt/c/Users/Lenovo Yoga/Desktop/django-material-dashboard/env/lib/python3.8/site-packages/django/utils/encoding.py first seen with mtime 1711993986.0
File /mnt/c/Users/Lenovo Yoga/Desktop/django-material-dashboard/env/lib/python3.8/site-packages/requests/_internal_utils.py first seen with mtime 1715272342.0
File /mnt/c/Users/Lenovo Yoga/Desktop/django-material-dashboard/env/lib/python3.8/site-packages/whitenoise/string_utils.py first seen with mtime 1711994208.0
File /mnt/c/Users/Lenovo Yoga/Desktop/django-material-dashboard/env/lib/python3.8/site-packages/django/db/backends/sqlite3/base.py first seen with mtime 1711993986.0
File /mnt/c/Users/Lenovo Yoga/Desktop/django-material-dashboard/env/lib/python3.8/site-packages/django/db/backends/base/validation.py first seen with mtime 1711993986.0
File /mnt/c/Users/Lenovo Yoga/Desktop/django-material-dashboard/env/lib/python3.8/site-packages/django/db/transaction.py first seen with mtime 1711993986.0
File /mnt/c/Users/Lenovo Yoga/Desktop/django-material-dashboard/env/lib/python3.8/site-packages/django/core/handlers/base.py first seen with mtime 1711993986.0
File /usr/lib/python3.8/_compat_pickle.py first seen with mtime 1700648555.0
File /mnt/c/Users/Lenovo Yoga/Desktop/django-material-dashboard/env/lib/python3.8/site-packages/django/db/models/fields/json.py first seen with mtime 1711993986.0
File /mnt/c/Users/Lenovo Yoga/Desktop/django-material-dashboard/env/lib/python3.8/site-packages/django/core/checks/templates.py first seen with mtime 1711993986.0
File /mnt/c/Users/Lenovo Yoga/Desktop/django-material-dashboard/env/lib/python3.8/site-packages/docker/version.py first seen with mtime 1716669900.0
File /mnt/c/Users/Lenovo Yoga/Desktop/licenta/dockerfile_gen/home/__init__.py first seen with mtime 1711993878.2168834
File /mnt/c/Users/Lenovo Yoga/Desktop/django-material-dashboard/env/lib/python3.8/site-packages/django/urls/conf.py first seen with mtime 1711993986.0
File /mnt/c/Users/Lenovo Yoga/Desktop/django-material-dashboard/env/lib/python3.8/site-packages/docker/constants.py first seen with mtime 1716669900.0
File /usr/lib/python3.8/shutil.py first seen with mtime 1700648555.0
File /mnt/c/Users/Lenovo Yoga/Desktop/django-material-dashboard/env/lib/python3.8/site-packages/django/contrib/sessions/apps.py first seen with mtime 1711993986.0
File /mnt/c/Users/Lenovo Yoga/Desktop/django-material-dashboard/env/lib/python3.8/site-packages/docker/_version.py first seen with mtime 1716669900.0
File /mnt/c/Users/Lenovo Yoga/Desktop/django-material-dashboard/env/lib/python3.8/site-packages/docker/api/image.py first seen with mtime 1716669900.0
File /mnt/c/Users/Lenovo Yoga/Desktop/django-material-dashboard/env/lib/python3.8/site-packages/django/db/backends/sqlite3/operations.py first seen with mtime 1711993986.0
File /mnt/c/Users/Lenovo Yoga/Desktop/django-material-dashboard/env/lib/python3.8/site-packages/docker/api/exec_api.py first seen with mtime 1716669900.0
File /mnt/c/Users/Lenovo Yoga/Desktop/django-material-dashboard/env/lib/python3.8/site-packages/django/contrib/admin/templatetags/log.py first seen with mtime 1711993986.0
File /mnt/c/Users/Lenovo Yoga/Desktop/django-material-dashboard/env/lib/python3.8/site-packages/docker/utils/__init__.py first seen with mtime 1716669900.0
File /mnt/c/Users/Lenovo Yoga/Desktop/django-material-dashboard/env/lib/python3.8/site-packages/django/core/cache/backends/base.py first seen with mtime 1711993986.0
File /mnt/c/Users/Lenovo Yoga/Desktop/django-material-dashboard/env/lib/python3.8/site-packages/docker/utils/decorators.py first seen with mtime 1716669900.0
File /usr/lib/python3.8/lib-dynload/termios.cpython-38-x86_64-linux-gnu.so first seen with mtime 1700648555.0
File /mnt/c/Users/Lenovo Yoga/Desktop/django-material-dashboard/env/lib/python3.8/site-packages/requests/utils.py first seen with mtime 1715272342.0
File /mnt/c/Users/Lenovo Yoga/Desktop/django-material-dashboard/env/lib/python3.8/site-packages/django/core/management/commands/__init__.py first seen with mtime 1711993986.0
File /mnt/c/Users/Lenovo Yoga/Desktop/django-material-dashboard/env/lib/python3.8/site-packages/django/__init__.py first seen with mtime 1711993985.0
File /mnt/c/Users/Lenovo Yoga/Desktop/django-material-dashboard/env/lib/python3.8/site-packages/django/contrib/auth/apps.py first seen with mtime 1711993986.0
File /mnt/c/Users/Lenovo Yoga/Desktop/django-material-dashboard/env/lib/python3.8/site-packages/django/db/migrations/graph.py first seen with mtime 1711993986.0
File /mnt/c/Users/Lenovo Yoga/Desktop/django-material-dashboard/env/lib/python3.8/site-packages/django/contrib/__init__.py first seen with mtime 1711993985.0
File /usr/lib/python3.8/queue.py first seen with mtime 1700648555.0
File /mnt/c/Users/Lenovo Yoga/Desktop/django-material-dashboard/env/lib/python3.8/site-packages/django/contrib/auth/hashers.py first seen with mtime 1711993986.0
File /mnt/c/Users/Lenovo Yoga/Desktop/django-material-dashboard/env/lib/python3.8/site-packages/django/db/models/deletion.py first seen with mtime 1711993986.0
File /mnt/c/Users/Lenovo Yoga/Desktop/django-material-dashboard/env/lib/python3.8/site-packages/django/views/generic/detail.py first seen with mtime 1711993986.0
File /usr/lib/python3.8/email/_encoded_words.py first seen with mtime 1700648555.0
File /mnt/c/Users/Lenovo Yoga/Desktop/django-material-dashboard/env/lib/python3.8/site-packages/django/contrib/auth/admin.py first seen with mtime 1711993986.0
File /mnt/c/Users/Lenovo Yoga/Desktop/django-material-dashboard/env/lib/python3.8/site-packages/django/utils/connection.py first seen with mtime 1711993986.0
File /mnt/c/Users/Lenovo Yoga/Desktop/django-material-dashboard/env/lib/python3.8/site-packages/urllib3/fields.py first seen with mtime 1715272333.0
File /mnt/c/Users/Lenovo Yoga/Desktop/django-material-dashboard/env/lib/python3.8/site-packages/urllib3/util/ssl_.py first seen with mtime 1715272333.0
File /mnt/c/Users/Lenovo Yoga/Desktop/django-material-dashboard/env/lib/python3.8/site-packages/django/core/checks/urls.py first seen with mtime 1711993986.0
File /mnt/c/Users/Lenovo Yoga/Desktop/django-material-dashboard/env/lib/python3.8/site-packages/django/db/migrations/loader.py first seen with mtime 1711993986.0
File /mnt/c/Users/Lenovo Yoga/Desktop/django-material-dashboard/env/lib/python3.8/site-packages/django/contrib/admin/options.py first seen with mtime 1711993985.0
File /mnt/c/Users/Lenovo Yoga/Desktop/django-material-dashboard/env/lib/python3.8/site-packages/docker/api/daemon.py first seen with mtime 1716669900.0
File /mnt/c/Users/Lenovo Yoga/Desktop/django-material-dashboard/env/lib/python3.8/site-packages/sqlparse/filters/others.py first seen with mtime 1711993983.0
File /mnt/c/Users/Lenovo Yoga/Desktop/django-material-dashboard/env/lib/python3.8/site-packages/sqlparse/filters/reindent.py first seen with mtime 1711993983.0
File /usr/lib/python3.8/encodings/latin_1.py first seen with mtime 1700648555.0
File /mnt/c/Users/Lenovo Yoga/Desktop/django-material-dashboard/env/lib/python3.8/site-packages/requests/compat.py first seen with mtime 1715272342.0
File /mnt/c/Users/Lenovo Yoga/Desktop/django-material-dashboard/env/lib/python3.8/site-packages/django/db/models/__init__.py first seen with mtime 1711993986.0
File /mnt/c/Users/Lenovo Yoga/Desktop/django-material-dashboard/env/lib/python3.8/site-packages/urllib3/exceptions.py first seen with mtime 1715272333.0
File /mnt/c/Users/Lenovo Yoga/Desktop/django-material-dashboard/env/lib/python3.8/site-packages/whitenoise/__init__.py first seen with mtime 1711994208.0
File /mnt/c/Users/Lenovo Yoga/Desktop/django-material-dashboard/env/lib/python3.8/site-packages/django/db/models/aggregates.py first seen with mtime 1711993986.0
File /mnt/c/Users/Lenovo Yoga/Desktop/django-material-dashboard/env/lib/python3.8/site-packages/django/utils/inspect.py first seen with mtime 1711993986.0
File /mnt/c/Users/Lenovo Yoga/Desktop/django-material-dashboard/env/lib/python3.8/site-packages/django/db/migrations/operations/__init__.py first seen with mtime 1711993986.0
File /usr/lib/python3.8/mimetypes.py first seen with mtime 1700648555.0
File /usr/lib/python3.8/lib-dynload/_sqlite3.cpython-38-x86_64-linux-gnu.so first seen with mtime 1700648555.0
File /usr/lib/python3.8/asyncio/events.py first seen with mtime 1700648555.0
File /usr/lib/python3.8/http/server.py first seen with mtime 1700648555.0
File /usr/lib/python3.8/email/mime/message.py first seen with mtime 1700648555.0
File /usr/lib/python3.8/asyncio/transports.py first seen with mtime 1700648555.0
File /mnt/c/Users/Lenovo Yoga/Desktop/django-material-dashboard/env/lib/python3.8/site-packages/django/db/utils.py first seen with mtime 1711993986.0
File /mnt/c/Users/Lenovo Yoga/Desktop/django-material-dashboard/env/lib/python3.8/site-packages/django/core/checks/messages.py first seen with mtime 1711993986.0
File /mnt/c/Users/Lenovo Yoga/Desktop/django-material-dashboard/env/lib/python3.8/site-packages/django/core/checks/__init__.py first seen with mtime 1711993986.0
File /mnt/c/Users/Lenovo Yoga/Desktop/django-material-dashboard/env/lib/python3.8/site-packages/docker/models/volumes.py first seen with mtime 1716669900.0
File /mnt/c/Users/Lenovo Yoga/Desktop/django-material-dashboard/env/lib/python3.8/site-packages/django/template/backends/base.py first seen with mtime 1711993986.0
File /mnt/c/Users/Lenovo Yoga/Desktop/django-material-dashboard/env/lib/python3.8/site-packages/django/db/models/functions/comparison.py first seen with mtime 1711993986.0
File /mnt/c/Users/Lenovo Yoga/Desktop/django-material-dashboard/env/lib/python3.8/site-packages/django/template/response.py first seen with mtime 1711993986.0
File /mnt/c/Users/Lenovo Yoga/Desktop/django-material-dashboard/env/lib/python3.8/site-packages/django/db/backends/sqlite3/features.py first seen with mtime 1711993986.0
File /mnt/c/Users/Lenovo Yoga/Desktop/django-material-dashboard/env/lib/python3.8/site-packages/idna/__init__.py first seen with mtime 1715272341.0
File /mnt/c/Users/Lenovo Yoga/Desktop/django-material-dashboard/env/lib/python3.8/site-packages/django/apps/__init__.py first seen with mtime 1711993985.0
File /mnt/c/Users/Lenovo Yoga/Desktop/django-material-dashboard/env/lib/python3.8/site-packages/crispy_forms/templatetags/crispy_forms_field.py first seen with mtime 1715272258.0
File /usr/lib/python3.8/json/__init__.py first seen with mtime 1700648555.0
File /usr/lib/python3.8/string.py first seen with mtime 1700648555.0
File /usr/lib/python3.8/asyncio/staggered.py first seen with mtime 1700648555.0
File /mnt/c/Users/Lenovo Yoga/Desktop/django-material-dashboard/env/lib/python3.8/site-packages/django/contrib/admin/views/autocomplete.py first seen with mtime 1711993986.0
File /mnt/c/Users/Lenovo Yoga/Desktop/django-material-dashboard/env/lib/python3.8/site-packages/django/utils/timesince.py first seen with mtime 1711993986.0
File /usr/lib/python3.8/lzma.py first seen with mtime 1700648555.0
File /mnt/c/Users/Lenovo Yoga/Desktop/django-material-dashboard/env/lib/python3.8/site-packages/django/db/backends/sqlite3/_functions.py first seen with mtime 1711993986.0
File /mnt/c/Users/Lenovo Yoga/Desktop/django-material-dashboard/env/lib/python3.8/site-packages/docker/api/client.py first seen with mtime 1716669900.0
File /mnt/c/Users/Lenovo Yoga/Desktop/django-material-dashboard/env/lib/python3.8/site-packages/django/core/checks/translation.py first seen with mtime 1711993986.0
File /mnt/c/Users/Lenovo Yoga/Desktop/django-material-dashboard/env/lib/python3.8/site-packages/django/core/handlers/wsgi.py first seen with mtime 1711993986.0
File /mnt/c/Users/Lenovo Yoga/Desktop/django-material-dashboard/env/lib/python3.8/site-packages/loginas/urls.py first seen with mtime 1712267615.0
File /mnt/c/Users/Lenovo Yoga/Desktop/django-material-dashboard/env/lib/python3.8/site-packages/django/core/files/storage/__init__.py first seen with mtime 1711993986.0
File /mnt/c/Users/Lenovo Yoga/Desktop/django-material-dashboard/env/lib/python3.8/site-packages/django/contrib/auth/models.py first seen with mtime 1711993986.0
File /mnt/c/Users/Lenovo Yoga/Desktop/django-material-dashboard/env/lib/python3.8/site-packages/django/contrib/staticfiles/management/commands/runserver.py first seen with mtime 1711993986.0
File /mnt/c/Users/Lenovo Yoga/Desktop/django-material-dashboard/env/lib/python3.8/site-packages/django/db/models/functions/__init__.py first seen with mtime 1711993986.0
File /mnt/c/Users/Lenovo Yoga/Desktop/django-material-dashboard/env/lib/python3.8/site-packages/django/core/serializers/json.py first seen with mtime 1711993986.0
File /usr/lib/python3.8/concurrent/futures/__init__.py first seen with mtime 1700648555.0
File /mnt/c/Users/Lenovo Yoga/Desktop/django-material-dashboard/env/lib/python3.8/site-packages/django/db/models/sql/datastructures.py first seen with mtime 1711993986.0
File /usr/lib/python3.8/email/iterators.py first seen with mtime 1700648555.0
File /mnt/c/Users/Lenovo Yoga/Desktop/django-material-dashboard/env/lib/python3.8/site-packages/charset_normalizer/cd.py first seen with mtime 1715272338.0
File /mnt/c/Users/Lenovo Yoga/Desktop/django-material-dashboard/env/lib/python3.8/site-packages/django/utils/http.py first seen with mtime 1711993986.0
File /mnt/c/Users/Lenovo Yoga/Desktop/django-material-dashboard/env/lib/python3.8/site-packages/django/contrib/contenttypes/checks.py first seen with mtime 1711993986.0
File /mnt/c/Users/Lenovo Yoga/Desktop/django-material-dashboard/env/lib/python3.8/site-packages/django/db/models/options.py first seen with mtime 1711993986.0
File /mnt/c/Users/Lenovo Yoga/Desktop/django-material-dashboard/env/lib/python3.8/site-packages/django/forms/models.py first seen with mtime 1711993986.0
File /mnt/c/Users/Lenovo Yoga/Desktop/django-material-dashboard/env/lib/python3.8/site-packages/docker/utils/config.py first seen with mtime 1716669900.0
File /mnt/c/Users/Lenovo Yoga/Desktop/django-material-dashboard/env/lib/python3.8/site-packages/django/contrib/sites/shortcuts.py first seen with mtime 1711993986.0
File /mnt/c/Users/Lenovo Yoga/Desktop/django-material-dashboard/env/lib/python3.8/site-packages/django/template/loader.py first seen with mtime 1711993986.0
File /mnt/c/Users/Lenovo Yoga/Desktop/django-material-dashboard/env/lib/python3.8/site-packages/django/db/backends/base/client.py first seen with mtime 1711993986.0
File /mnt/c/Users/Lenovo Yoga/Desktop/django-material-dashboard/env/lib/python3.8/site-packages/django/core/signals.py first seen with mtime 1711993986.0
File /mnt/c/Users/Lenovo Yoga/Desktop/django-material-dashboard/env/lib/python3.8/site-packages/loginas/__init__.py first seen with mtime 1712267615.0
File /usr/lib/python3.8/token.py first seen with mtime 1700648555.0
File /usr/lib/python3.8/encodings/__init__.py first seen with mtime 1700648555.0
File /mnt/c/Users/Lenovo Yoga/Desktop/django-material-dashboard/env/lib/python3.8/site-packages/urllib3/util/connection.py first seen with mtime 1715272333.0
File /mnt/c/Users/Lenovo Yoga/Desktop/django-material-dashboard/env/lib/python3.8/site-packages/django/contrib/messages/__init__.py first seen with mtime 1711993986.0
File /usr/lib/python3.8/asyncio/runners.py first seen with mtime 1700648555.0
File /mnt/c/Users/Lenovo Yoga/Desktop/django-material-dashboard/env/lib/python3.8/site-packages/docker/credentials/__init__.py first seen with mtime 1716669900.0
File /usr/lib/python3.8/quopri.py first seen with mtime 1700648555.0
File /mnt/c/Users/Lenovo Yoga/Desktop/django-material-dashboard/env/lib/python3.8/site-packages/django/db/backends/base/creation.py first seen with mtime 1711993986.0
File /usr/lib/python3.8/enum.py first seen with mtime 1700648555.0
File /mnt/c/Users/Lenovo Yoga/Desktop/django-material-dashboard/env/lib/python3.8/site-packages/admin_material/apps.py first seen with mtime 1711994193.0
File /usr/lib/python3.8/shlex.py first seen with mtime 1700648555.0
File /mnt/c/Users/Lenovo Yoga/Desktop/django-material-dashboard/env/lib/python3.8/site-packages/certifi/__init__.py first seen with mtime 1715272338.0
File /usr/lib/python3.8/encodings/aliases.py first seen with mtime 1700648555.0
File /usr/lib/python3.8/ast.py first seen with mtime 1700648555.0
File /mnt/c/Users/Lenovo Yoga/Desktop/django-material-dashboard/env/lib/python3.8/site-packages/django/core/mail/utils.py first seen with mtime 1711993986.0
File /usr/lib/python3.8/importlib/abc.py first seen with mtime 1700648555.0
File /mnt/c/Users/Lenovo Yoga/Desktop/django-material-dashboard/env/lib/python3.8/site-packages/django/core/cache/backends/locmem.py first seen with mtime 1711993986.0
File /mnt/c/Users/Lenovo Yoga/Desktop/django-material-dashboard/env/lib/python3.8/site-packages/django/core/files/locks.py first seen with mtime 1711993986.0
File /mnt/c/Users/Lenovo Yoga/Desktop/django-material-dashboard/env/lib/python3.8/site-packages/docker/api/service.py first seen with mtime 1716669900.0
File /mnt/c/Users/Lenovo Yoga/Desktop/django-material-dashboard/env/lib/python3.8/site-packages/admin_material/admin.py first seen with mtime 1711994193.0
File /mnt/c/Users/Lenovo Yoga/Desktop/django-material-dashboard/env/lib/python3.8/site-packages/django/contrib/contenttypes/fields.py first seen with mtime 1711993986.0
File /mnt/c/Users/Lenovo Yoga/Desktop/django-material-dashboard/env/lib/python3.8/site-packages/django/db/models/fields/mixins.py first seen with mtime 1711993986.0
File /mnt/c/Users/Lenovo Yoga/Desktop/django-material-dashboard/env/lib/python3.8/site-packages/django/http/request.py first seen with mtime 1711993986.0
File /mnt/c/Users/Lenovo Yoga/Desktop/django-material-dashboard/env/lib/python3.8/site-packages/django/contrib/admin/views/__init__.py first seen with mtime 1711993986.0
File /mnt/c/Users/Lenovo Yoga/Desktop/django-material-dashboard/env/lib/python3.8/site-packages/django/core/serializers/__init__.py first seen with mtime 1711993986.0
File /mnt/c/Users/Lenovo Yoga/Desktop/django-material-dashboard/env/lib/python3.8/site-packages/admin_material/templates/accounts first seen with mtime 1711994195.5115495
File /mnt/c/Users/Lenovo Yoga/Desktop/django-material-dashboard/env/lib/python3.8/site-packages/admin_material/templates/admin first seen with mtime 1711994195.142029
File /mnt/c/Users/Lenovo Yoga/Desktop/django-material-dashboard/env/lib/python3.8/site-packages/admin_material/templates/includes first seen with mtime 1711994194.3497198
File /mnt/c/Users/Lenovo Yoga/Desktop/django-material-dashboard/env/lib/python3.8/site-packages/admin_material/templates/layouts first seen with mtime 1711994195.6553442
File /mnt/c/Users/Lenovo Yoga/Desktop/django-material-dashboard/env/lib/python3.8/site-packages/admin_material/templates/pages first seen with mtime 1711994196.290214
File /mnt/c/Users/Lenovo Yoga/Desktop/django-material-dashboard/env/lib/python3.8/site-packages/admin_material/templates/registration first seen with mtime 1711994195.8083875
File /mnt/c/Users/Lenovo Yoga/Desktop/django-material-dashboard/env/lib/python3.8/site-packages/admin_material/templates/accounts/.gitkeep first seen with mtime 1711994193.0
File /mnt/c/Users/Lenovo Yoga/Desktop/django-material-dashboard/env/lib/python3.8/site-packages/admin_material/templates/accounts/login.html first seen with mtime 1711994193.0
File /mnt/c/Users/Lenovo Yoga/Desktop/django-material-dashboard/env/lib/python3.8/site-packages/admin_material/templates/accounts/password_change.html first seen with mtime 1711994193.0
File /mnt/c/Users/Lenovo Yoga/Desktop/django-material-dashboard/env/lib/python3.8/site-packages/admin_material/templates/accounts/password_change_done.html first seen with mtime 1711994193.0
File /mnt/c/Users/Lenovo Yoga/Desktop/django-material-dashboard/env/lib/python3.8/site-packages/admin_material/templates/accounts/password_reset.html first seen with mtime 1711994193.0
File /mnt/c/Users/Lenovo Yoga/Desktop/django-material-dashboard/env/lib/python3.8/site-packages/admin_material/templates/accounts/password_reset_complete.html first seen with mtime 1711994193.0
File /mnt/c/Users/Lenovo Yoga/Desktop/django-material-dashboard/env/lib/python3.8/site-packages/admin_material/templates/accounts/password_reset_confirm.html first seen with mtime 1711994193.0
File /mnt/c/Users/Lenovo Yoga/Desktop/django-material-dashboard/env/lib/python3.8/site-packages/admin_material/templates/accounts/password_reset_done.html first seen with mtime 1711994193.0
File /mnt/c/Users/Lenovo Yoga/Desktop/django-material-dashboard/env/lib/python3.8/site-packages/admin_material/templates/accounts/register.html first seen with mtime 1711994193.0
File /mnt/c/Users/Lenovo Yoga/Desktop/django-material-dashboard/env/lib/python3.8/site-packages/admin_material/templates/admin/.gitkeep first seen with mtime 1711994193.0
File /mnt/c/Users/Lenovo Yoga/Desktop/django-material-dashboard/env/lib/python3.8/site-packages/admin_material/templates/admin/actions.html first seen with mtime 1711994193.0
File /mnt/c/Users/Lenovo Yoga/Desktop/django-material-dashboard/env/lib/python3.8/site-packages/admin_material/templates/admin/auth first seen with mtime 1711994194.9793937
File /mnt/c/Users/Lenovo Yoga/Desktop/django-material-dashboard/env/lib/python3.8/site-packages/admin_material/templates/admin/change_form.html first seen with mtime 1711994193.0
File /mnt/c/Users/Lenovo Yoga/Desktop/django-material-dashboard/env/lib/python3.8/site-packages/admin_material/templates/admin/change_form_object_tools.html first seen with mtime 1711994193.0
File /mnt/c/Users/Lenovo Yoga/Desktop/django-material-dashboard/env/lib/python3.8/site-packages/admin_material/templates/admin/change_list.html first seen with mtime 1711994193.0
File /mnt/c/Users/Lenovo Yoga/Desktop/django-material-dashboard/env/lib/python3.8/site-packages/admin_material/templates/admin/change_list_object_tools.html first seen with mtime 1711994193.0
File /mnt/c/Users/Lenovo Yoga/Desktop/django-material-dashboard/env/lib/python3.8/site-packages/admin_material/templates/admin/change_list_results.html first seen with mtime 1711994193.0
File /mnt/c/Users/Lenovo Yoga/Desktop/django-material-dashboard/env/lib/python3.8/site-packages/admin_material/templates/admin/delete_confirmation.html first seen with mtime 1711994193.0
File /mnt/c/Users/Lenovo Yoga/Desktop/django-material-dashboard/env/lib/python3.8/site-packages/admin_material/templates/admin/delete_selected_confirmation.html first seen with mtime 1711994193.0
File /mnt/c/Users/Lenovo Yoga/Desktop/django-material-dashboard/env/lib/python3.8/site-packages/admin_material/templates/admin/edit_inline first seen with mtime 1711994195.198943
File /mnt/c/Users/Lenovo Yoga/Desktop/django-material-dashboard/env/lib/python3.8/site-packages/admin_material/templates/admin/filter.html first seen with mtime 1711994193.0
File /mnt/c/Users/Lenovo Yoga/Desktop/django-material-dashboard/env/lib/python3.8/site-packages/admin_material/templates/admin/includes first seen with mtime 1711994195.1263769
File /mnt/c/Users/Lenovo Yoga/Desktop/django-material-dashboard/env/lib/python3.8/site-packages/admin_material/templates/admin/index.html first seen with mtime 1711994193.0
File /mnt/c/Users/Lenovo Yoga/Desktop/django-material-dashboard/env/lib/python3.8/site-packages/admin_material/templates/admin/invalid_setup.html first seen with mtime 1711994193.0
File /mnt/c/Users/Lenovo Yoga/Desktop/django-material-dashboard/env/lib/python3.8/site-packages/admin_material/templates/admin/login.html first seen with mtime 1711994193.0
File /mnt/c/Users/Lenovo Yoga/Desktop/django-material-dashboard/env/lib/python3.8/site-packages/admin_material/templates/admin/object_history.html first seen with mtime 1711994193.0
File /mnt/c/Users/Lenovo Yoga/Desktop/django-material-dashboard/env/lib/python3.8/site-packages/admin_material/templates/admin/pagination.html first seen with mtime 1711994193.0
File /mnt/c/Users/Lenovo Yoga/Desktop/django-material-dashboard/env/lib/python3.8/site-packages/admin_material/templates/admin/search_form.html first seen with mtime 1711994193.0
File /mnt/c/Users/Lenovo Yoga/Desktop/django-material-dashboard/env/lib/python3.8/site-packages/admin_material/templates/admin/submit_line.html first seen with mtime 1711994193.0
File /mnt/c/Users/Lenovo Yoga/Desktop/django-material-dashboard/env/lib/python3.8/site-packages/admin_material/templates/admin/auth/user first seen with mtime 1711994195.0485897
File /mnt/c/Users/Lenovo Yoga/Desktop/django-material-dashboard/env/lib/python3.8/site-packages/admin_material/templates/admin/auth/user/add_form.html first seen with mtime 1711994193.0
File /mnt/c/Users/Lenovo Yoga/Desktop/django-material-dashboard/env/lib/python3.8/site-packages/admin_material/templates/admin/auth/user/change_password.html first seen with mtime 1711994193.0
File /mnt/c/Users/Lenovo Yoga/Desktop/django-material-dashboard/env/lib/python3.8/site-packages/admin_material/templates/admin/edit_inline/stacked.html first seen with mtime 1711994193.0
File /mnt/c/Users/Lenovo Yoga/Desktop/django-material-dashboard/env/lib/python3.8/site-packages/admin_material/templates/admin/edit_inline/tabular.html first seen with mtime 1711994193.0
File /mnt/c/Users/Lenovo Yoga/Desktop/django-material-dashboard/env/lib/python3.8/site-packages/admin_material/templates/admin/includes/fieldset.html first seen with mtime 1711994193.0
File /mnt/c/Users/Lenovo Yoga/Desktop/django-material-dashboard/env/lib/python3.8/site-packages/admin_material/templates/admin/includes/object_delete_summary.html first seen with mtime 1711994193.0
File /mnt/c/Users/Lenovo Yoga/Desktop/django-material-dashboard/env/lib/python3.8/site-packages/admin_material/templates/includes/.gitkeep first seen with mtime 1711994193.0
File /mnt/c/Users/Lenovo Yoga/Desktop/django-material-dashboard/env/lib/python3.8/site-packages/admin_material/templates/includes/fixed-plugin.html first seen with mtime 1711994193.0
File /mnt/c/Users/Lenovo Yoga/Desktop/django-material-dashboard/env/lib/python3.8/site-packages/admin_material/templates/includes/footer-fullscreen.html first seen with mtime 1711994193.0
File /mnt/c/Users/Lenovo Yoga/Desktop/django-material-dashboard/env/lib/python3.8/site-packages/admin_material/templates/includes/footer-rtl.html first seen with mtime 1711994193.0
File /mnt/c/Users/Lenovo Yoga/Desktop/django-material-dashboard/env/lib/python3.8/site-packages/admin_material/templates/includes/footer.html first seen with mtime 1711994193.0
File /mnt/c/Users/Lenovo Yoga/Desktop/django-material-dashboard/env/lib/python3.8/site-packages/admin_material/templates/includes/navigation-fullscreen.html first seen with mtime 1711994193.0
File /mnt/c/Users/Lenovo Yoga/Desktop/django-material-dashboard/env/lib/python3.8/site-packages/admin_material/templates/includes/navigation-rtl.html first seen with mtime 1711994193.0
File /mnt/c/Users/Lenovo Yoga/Desktop/django-material-dashboard/env/lib/python3.8/site-packages/admin_material/templates/includes/navigation.html first seen with mtime 1711994193.0
File /mnt/c/Users/Lenovo Yoga/Desktop/django-material-dashboard/env/lib/python3.8/site-packages/admin_material/templates/includes/scripts.html first seen with mtime 1711994193.0
File /mnt/c/Users/Lenovo Yoga/Desktop/django-material-dashboard/env/lib/python3.8/site-packages/admin_material/templates/includes/sidebar-rtl.html first seen with mtime 1711994193.0
File /mnt/c/Users/Lenovo Yoga/Desktop/django-material-dashboard/env/lib/python3.8/site-packages/admin_material/templates/includes/sidebar.html first seen with mtime 1711994193.0
File /mnt/c/Users/Lenovo Yoga/Desktop/django-material-dashboard/env/lib/python3.8/site-packages/admin_material/templates/layouts/.gitkeep first seen with mtime 1711994193.0
File /mnt/c/Users/Lenovo Yoga/Desktop/django-material-dashboard/env/lib/python3.8/site-packages/admin_material/templates/layouts/base-fullscreen.html first seen with mtime 1711994193.0
File /mnt/c/Users/Lenovo Yoga/Desktop/django-material-dashboard/env/lib/python3.8/site-packages/admin_material/templates/layouts/base-rtl.html first seen with mtime 1711994193.0
File /mnt/c/Users/Lenovo Yoga/Desktop/django-material-dashboard/env/lib/python3.8/site-packages/admin_material/templates/layouts/base.html first seen with mtime 1711994193.0
File /mnt/c/Users/Lenovo Yoga/Desktop/django-material-dashboard/env/lib/python3.8/site-packages/admin_material/templates/pages/.gitkeep first seen with mtime 1711994193.0
File /mnt/c/Users/Lenovo Yoga/Desktop/django-material-dashboard/env/lib/python3.8/site-packages/admin_material/templates/pages/billing.html first seen with mtime 1711994193.0
(0.005) SELECT "django_session"."session_key", "django_session"."session_data", "django_session"."expire_date" FROM "django_session" WHERE ("django_session"."expire_date" > '2024-05-29 20:28:26.576177' AND "django_session"."session_key" = 'tw0r43omfcezv50wrkemw3tmut7ykooc') LIMIT 21; args=('2024-05-29 20:28:26.576177', 'tw0r43omfcezv50wrkemw3tmut7ykooc'); alias=default
File /mnt/c/Users/Lenovo Yoga/Desktop/django-material-dashboard/env/lib/python3.8/site-packages/admin_material/templates/pages/icons.html first seen with mtime 1711994193.0
(0.003) SELECT "auth_user"."id", "auth_user"."password", "auth_user"."last_login", "auth_user"."is_superuser", "auth_user"."username", "auth_user"."first_name", "auth_user"."last_name", "auth_user"."email", "auth_user"."is_staff", "auth_user"."is_active", "auth_user"."date_joined" FROM "auth_user" WHERE "auth_user"."id" = 11 LIMIT 21; args=(11,); alias=default
File /mnt/c/Users/Lenovo Yoga/Desktop/django-material-dashboard/env/lib/python3.8/site-packages/admin_material/templates/pages/index.html first seen with mtime 1711994193.0
(0.002) SELECT "home_imagetext"."id", "home_imagetext"."user_id", "home_imagetext"."purpose", "home_imagetext"."text", "home_imagetext"."timestamp" FROM "home_imagetext" WHERE "home_imagetext"."id" = 100 LIMIT 21; args=(100,); alias=default
File /mnt/c/Users/Lenovo Yoga/Desktop/django-material-dashboard/env/lib/python3.8/site-packages/admin_material/templates/pages/map.html first seen with mtime 1711994193.0
File /mnt/c/Users/Lenovo Yoga/Desktop/django-material-dashboard/env/lib/python3.8/site-packages/admin_material/templates/pages/notifications.html first seen with mtime 1711994193.0
File /mnt/c/Users/Lenovo Yoga/Desktop/django-material-dashboard/env/lib/python3.8/site-packages/admin_material/templates/pages/profile.html first seen with mtime 1711994193.0
File /mnt/c/Users/Lenovo Yoga/Desktop/django-material-dashboard/env/lib/python3.8/site-packages/admin_material/templates/pages/rtl.html first seen with mtime 1711994193.0
File /mnt/c/Users/Lenovo Yoga/Desktop/django-material-dashboard/env/lib/python3.8/site-packages/admin_material/templates/pages/tables.html first seen with mtime 1711994193.0
File /mnt/c/Users/Lenovo Yoga/Desktop/django-material-dashboard/env/lib/python3.8/site-packages/admin_material/templates/pages/template.html first seen with mtime 1711994193.0
File /mnt/c/Users/Lenovo Yoga/Desktop/django-material-dashboard/env/lib/python3.8/site-packages/admin_material/templates/pages/typography.html first seen with mtime 1711994193.0
File /mnt/c/Users/Lenovo Yoga/Desktop/django-material-dashboard/env/lib/python3.8/site-packages/admin_material/templates/pages/virtual-reality.html first seen with mtime 1711994193.0
File /mnt/c/Users/Lenovo Yoga/Desktop/django-material-dashboard/env/lib/python3.8/site-packages/admin_material/templates/registration/.gitkeep first seen with mtime 1711994193.0
File /mnt/c/Users/Lenovo Yoga/Desktop/django-material-dashboard/env/lib/python3.8/site-packages/admin_material/templates/registration/logged_out.html first seen with mtime 1711994193.0
File /mnt/c/Users/Lenovo Yoga/Desktop/django-material-dashboard/env/lib/python3.8/site-packages/admin_material/templates/registration/password_change_done.html first seen with mtime 1711994193.0
File /mnt/c/Users/Lenovo Yoga/Desktop/django-material-dashboard/env/lib/python3.8/site-packages/admin_material/templates/registration/password_change_form.html first seen with mtime 1711994193.0
(0.003) SELECT "home_imagetext"."id", "home_imagetext"."user_id", "home_imagetext"."purpose", "home_imagetext"."text", "home_imagetext"."timestamp" FROM "home_imagetext" WHERE "home_imagetext"."user_id" = 11; args=(11,); alias=default
Exception while resolving variable 'lint_result' in template 'write_dockerfile.html'.
Traceback (most recent call last):
  File "/mnt/c/Users/Lenovo Yoga/Desktop/django-material-dashboard/env/lib/python3.8/site-packages/django/template/base.py", line 880, in _resolve_lookup
    current = current[bit]
  File "/mnt/c/Users/Lenovo Yoga/Desktop/django-material-dashboard/env/lib/python3.8/site-packages/django/template/context.py", line 83, in __getitem__
    raise KeyError(key)
KeyError: 'lint_result'

During handling of the above exception, another exception occurred:

Traceback (most recent call last):
  File "/mnt/c/Users/Lenovo Yoga/Desktop/django-material-dashboard/env/lib/python3.8/site-packages/django/template/base.py", line 886, in _resolve_lookup
    if isinstance(current, BaseContext) and getattr(
AttributeError: type object 'RequestContext' has no attribute 'lint_result'

During handling of the above exception, another exception occurred:

Traceback (most recent call last):
  File "/mnt/c/Users/Lenovo Yoga/Desktop/django-material-dashboard/env/lib/python3.8/site-packages/django/template/base.py", line 896, in _resolve_lookup
    current = current[int(bit)]
ValueError: invalid literal for int() with base 10: 'lint_result'

During handling of the above exception, another exception occurred:

Traceback (most recent call last):
  File "/mnt/c/Users/Lenovo Yoga/Desktop/django-material-dashboard/env/lib/python3.8/site-packages/django/template/base.py", line 903, in _resolve_lookup
    raise VariableDoesNotExist(
django.template.base.VariableDoesNotExist: Failed lookup for key [lint_result] in [{'True': True, 'False': False, 'None': None}, {'csrf_token': <SimpleLazyObject: 'kugiEouM6TgzAZew8x235imXzv4A3jI7SxiXnJ6ljJXKGg9xaKBdm4v14gK1qzGS'>, 'request': <WSGIRequest: GET '/write_dockerfile/100/'>, 'user': <SimpleLazyObject: <User: victor2>>, 'perms': PermWrapper(<SimpleLazyObject: <User: victor2>>), 'messages': <FallbackStorage: request=<WSGIRequest: GET '/write_dockerfile/100/'>>, 'DEFAULT_MESSAGE_LEVELS': {'DEBUG': 10, 'INFO': 20, 'SUCCESS': 25, 'WARNING': 30, 'ERROR': 40}}, {}, {'user_files': <QuerySet [<ImageText: ImageText object (99)>, <ImageText: ImageText object (100)>, <ImageText: ImageText object (102)>, <ImageText: ImageText object (104)>, <ImageText: ImageText object (105)>, <ImageText: ImageText object (106)>, <ImageText: ImageText object (107)>, <ImageText: ImageText object (108)>, <ImageText: ImageText object (109)>]>, 'selected_file': <ImageText: ImageText object (100)>}]
File /mnt/c/Users/Lenovo Yoga/Desktop/licenta/dockerfile_gen/home/templates/create_file.html first seen with mtime 1715271644.1260765
"GET /write_dockerfile/100/ HTTP/1.1" 200 8337
File /mnt/c/Users/Lenovo Yoga/Desktop/licenta/dockerfile_gen/home/templates/file_history.html first seen with mtime 1716138635.0264208
File /mnt/c/Users/Lenovo Yoga/Desktop/licenta/dockerfile_gen/home/templates/header.html first seen with mtime 1716141225.6889071
File /mnt/c/Users/Lenovo Yoga/Desktop/licenta/dockerfile_gen/home/templates/home.html first seen with mtime 1716635222.7335718
File /mnt/c/Users/Lenovo Yoga/Desktop/licenta/dockerfile_gen/home/templates/index.html first seen with mtime 1712268122.1027176
File /mnt/c/Users/Lenovo Yoga/Desktop/licenta/dockerfile_gen/home/templates/my_login.html first seen with mtime 1715271644.1266978
File /mnt/c/Users/Lenovo Yoga/Desktop/licenta/dockerfile_gen/home/templates/my_signup.html first seen with mtime 1715271644.1292152
File /mnt/c/Users/Lenovo Yoga/Desktop/licenta/dockerfile_gen/home/templates/write_dockerfile.html first seen with mtime 1717012193.3070955
(0.006) SELECT "django_session"."session_key", "django_session"."session_data", "django_session"."expire_date" FROM "django_session" WHERE ("django_session"."expire_date" > '2024-05-29 20:28:28.250563' AND "django_session"."session_key" = 'tw0r43omfcezv50wrkemw3tmut7ykooc') LIMIT 21; args=('2024-05-29 20:28:28.250563', 'tw0r43omfcezv50wrkemw3tmut7ykooc'); alias=default
(0.003) SELECT "auth_user"."id", "auth_user"."password", "auth_user"."last_login", "auth_user"."is_superuser", "auth_user"."username", "auth_user"."first_name", "auth_user"."last_name", "auth_user"."email", "auth_user"."is_staff", "auth_user"."is_active", "auth_user"."date_joined" FROM "auth_user" WHERE "auth_user"."id" = 11 LIMIT 21; args=(11,); alias=default
File /mnt/c/Users/Lenovo Yoga/Desktop/licenta/dockerfile_gen/home/migrations/0003_imagetext_purpose.py first seen with mtime 1716129485.902459
File /mnt/c/Users/Lenovo Yoga/Desktop/django-material-dashboard/env/lib/python3.8/site-packages/django/contrib/auth/migrations/0006_require_contenttypes_0002.py first seen with mtime 1711993986.0
File /mnt/c/Users/Lenovo Yoga/Desktop/django-material-dashboard/env/lib/python3.8/site-packages/django/contrib/auth/migrations/0003_alter_user_email_max_length.py first seen with mtime 1711993986.0
File /mnt/c/Users/Lenovo Yoga/Desktop/django-material-dashboard/env/lib/python3.8/site-packages/django/contrib/admin/migrations/0002_logentry_remove_auto_add.py first seen with mtime 1711993986.0
File /mnt/c/Users/Lenovo Yoga/Desktop/django-material-dashboard/env/lib/python3.8/site-packages/django/contrib/admin/migrations/0001_initial.py first seen with mtime 1711993986.0
File /mnt/c/Users/Lenovo Yoga/Desktop/django-material-dashboard/env/lib/python3.8/site-packages/django/contrib/messages/storage/cookie.py first seen with mtime 1711993986.0
File /mnt/c/Users/Lenovo Yoga/Desktop/licenta/dockerfile_gen/home/migrations/0001_initial.py first seen with mtime 1715271644.1060233
File /mnt/c/Users/Lenovo Yoga/Desktop/licenta/dockerfile_gen/home/migrations/0002_imagetext_timestamp.py first seen with mtime 1716124393.8718863
File /mnt/c/Users/Lenovo Yoga/Desktop/django-material-dashboard/env/lib/python3.8/site-packages/django/contrib/sessions/backends/db.py first seen with mtime 1711993986.0
File /mnt/c/Users/Lenovo Yoga/Desktop/django-material-dashboard/env/lib/python3.8/site-packages/django/contrib/auth/migrations/0010_alter_group_name_max_length.py first seen with mtime 1711993986.0
File /mnt/c/Users/Lenovo Yoga/Desktop/django-material-dashboard/env/lib/python3.8/site-packages/django/contrib/auth/migrations/0008_alter_user_username_max_length.py first seen with mtime 1711993986.0
File /mnt/c/Users/Lenovo Yoga/Desktop/licenta/dockerfile_gen/home/migrations/__init__.py first seen with mtime 1711993878.230329
File /mnt/c/Users/Lenovo Yoga/Desktop/django-material-dashboard/env/lib/python3.8/site-packages/django/contrib/auth/migrations/0012_alter_user_first_name_max_length.py first seen with mtime 1711993986.0
File /mnt/c/Users/Lenovo Yoga/Desktop/django-material-dashboard/env/lib/python3.8/site-packages/django/contrib/sessions/migrations/0001_initial.py first seen with mtime 1711993986.0
File /mnt/c/Users/Lenovo Yoga/Desktop/django-material-dashboard/env/lib/python3.8/site-packages/django/contrib/auth/migrations/0004_alter_user_username_opts.py first seen with mtime 1711993986.0
File /mnt/c/Users/Lenovo Yoga/Desktop/django-material-dashboard/env/lib/python3.8/site-packages/django/contrib/contenttypes/migrations/0002_remove_content_type_name.py first seen with mtime 1711993986.0
File /mnt/c/Users/Lenovo Yoga/Desktop/licenta/dockerfile_gen/core/wsgi.py first seen with mtime 1711993878.2033165
File /mnt/c/Users/Lenovo Yoga/Desktop/django-material-dashboard/env/lib/python3.8/site-packages/django/contrib/sessions/migrations/__init__.py first seen with mtime 1711993986.0
File /mnt/c/Users/Lenovo Yoga/Desktop/django-material-dashboard/env/lib/python3.8/site-packages/django/contrib/auth/migrations/0007_alter_validators_add_error_messages.py first seen with mtime 1711993986.0
File /mnt/c/Users/Lenovo Yoga/Desktop/django-material-dashboard/env/lib/python3.8/site-packages/django/middleware/clickjacking.py first seen with mtime 1711993986.0
File /mnt/c/Users/Lenovo Yoga/Desktop/django-material-dashboard/env/lib/python3.8/site-packages/django/contrib/contenttypes/migrations/0001_initial.py first seen with mtime 1711993986.0
File /mnt/c/Users/Lenovo Yoga/Desktop/django-material-dashboard/env/lib/python3.8/site-packages/django/contrib/auth/migrations/0002_alter_permission_name_max_length.py first seen with mtime 1711993986.0
File /mnt/c/Users/Lenovo Yoga/Desktop/django-material-dashboard/env/lib/python3.8/site-packages/django/db/models/sql/compiler.py first seen with mtime 1711993986.0
"POST /write_dockerfile/100/ HTTP/1.1" 200 28
File /mnt/c/Users/Lenovo Yoga/Desktop/django-material-dashboard/env/lib/python3.8/site-packages/django/contrib/messages/storage/fallback.py first seen with mtime 1711993986.0
File /mnt/c/Users/Lenovo Yoga/Desktop/django-material-dashboard/env/lib/python3.8/site-packages/django/contrib/contenttypes/migrations/__init__.py first seen with mtime 1711993986.0
File /mnt/c/Users/Lenovo Yoga/Desktop/django-material-dashboard/env/lib/python3.8/site-packages/django/contrib/sessions/serializers.py first seen with mtime 1711993986.0
File /mnt/c/Users/Lenovo Yoga/Desktop/django-material-dashboard/env/lib/python3.8/site-packages/django/contrib/auth/migrations/0001_initial.py first seen with mtime 1711993986.0
File /mnt/c/Users/Lenovo Yoga/Desktop/django-material-dashboard/env/lib/python3.8/site-packages/django/contrib/messages/context_processors.py first seen with mtime 1711993986.0
File /mnt/c/Users/Lenovo Yoga/Desktop/django-material-dashboard/env/lib/python3.8/site-packages/django/contrib/auth/context_processors.py first seen with mtime 1711993986.0
File /mnt/c/Users/Lenovo Yoga/Desktop/django-material-dashboard/env/lib/python3.8/site-packages/django/contrib/admin/migrations/0003_logentry_add_action_flag_choices.py first seen with mtime 1711993986.0
File /mnt/c/Users/Lenovo Yoga/Desktop/django-material-dashboard/env/lib/python3.8/site-packages/django/contrib/auth/migrations/0011_update_proxy_permissions.py first seen with mtime 1711993986.0
File /mnt/c/Users/Lenovo Yoga/Desktop/django-material-dashboard/env/lib/python3.8/site-packages/django/contrib/auth/migrations/0005_alter_user_last_login_null.py first seen with mtime 1711993986.0
File /mnt/c/Users/Lenovo Yoga/Desktop/django-material-dashboard/env/lib/python3.8/site-packages/django/contrib/auth/migrations/__init__.py first seen with mtime 1711993986.0
File /mnt/c/Users/Lenovo Yoga/Desktop/django-material-dashboard/env/lib/python3.8/site-packages/django/contrib/auth/migrations/0009_alter_user_last_name_max_length.py first seen with mtime 1711993986.0
File /mnt/c/Users/Lenovo Yoga/Desktop/django-material-dashboard/env/lib/python3.8/site-packages/django/contrib/messages/storage/session.py first seen with mtime 1711993986.0
File /mnt/c/Users/Lenovo Yoga/Desktop/django-material-dashboard/env/lib/python3.8/site-packages/django/template/context_processors.py first seen with mtime 1711993986.0
File /usr/lib/python3.8/netrc.py first seen with mtime 1700648555.0
(0.005) SELECT "django_session"."session_key", "django_session"."session_data", "django_session"."expire_date" FROM "django_session" WHERE ("django_session"."expire_date" > '2024-05-29 20:30:16.057228' AND "django_session"."session_key" = 'tw0r43omfcezv50wrkemw3tmut7ykooc') LIMIT 21; args=('2024-05-29 20:30:16.057228', 'tw0r43omfcezv50wrkemw3tmut7ykooc'); alias=default
(0.002) SELECT "auth_user"."id", "auth_user"."password", "auth_user"."last_login", "auth_user"."is_superuser", "auth_user"."username", "auth_user"."first_name", "auth_user"."last_name", "auth_user"."email", "auth_user"."is_staff", "auth_user"."is_active", "auth_user"."date_joined" FROM "auth_user" WHERE "auth_user"."id" = 11 LIMIT 21; args=(11,); alias=default
(0.004) SELECT "home_imagetext"."id", "home_imagetext"."user_id", "home_imagetext"."purpose", "home_imagetext"."text", "home_imagetext"."timestamp" FROM "home_imagetext" WHERE "home_imagetext"."id" = 100 LIMIT 21; args=(100,); alias=default
(0.003) SELECT "home_imagetext"."id", "home_imagetext"."user_id", "home_imagetext"."purpose", "home_imagetext"."text", "home_imagetext"."timestamp" FROM "home_imagetext" WHERE "home_imagetext"."user_id" = 11; args=(11,); alias=default
Exception while resolving variable 'lint_result' in template 'write_dockerfile.html'.
Traceback (most recent call last):
  File "/mnt/c/Users/Lenovo Yoga/Desktop/django-material-dashboard/env/lib/python3.8/site-packages/django/template/base.py", line 880, in _resolve_lookup
    current = current[bit]
  File "/mnt/c/Users/Lenovo Yoga/Desktop/django-material-dashboard/env/lib/python3.8/site-packages/django/template/context.py", line 83, in __getitem__
    raise KeyError(key)
KeyError: 'lint_result'

During handling of the above exception, another exception occurred:

Traceback (most recent call last):
  File "/mnt/c/Users/Lenovo Yoga/Desktop/django-material-dashboard/env/lib/python3.8/site-packages/django/template/base.py", line 886, in _resolve_lookup
    if isinstance(current, BaseContext) and getattr(
AttributeError: type object 'RequestContext' has no attribute 'lint_result'

During handling of the above exception, another exception occurred:

Traceback (most recent call last):
  File "/mnt/c/Users/Lenovo Yoga/Desktop/django-material-dashboard/env/lib/python3.8/site-packages/django/template/base.py", line 896, in _resolve_lookup
    current = current[int(bit)]
ValueError: invalid literal for int() with base 10: 'lint_result'

During handling of the above exception, another exception occurred:

Traceback (most recent call last):
  File "/mnt/c/Users/Lenovo Yoga/Desktop/django-material-dashboard/env/lib/python3.8/site-packages/django/template/base.py", line 903, in _resolve_lookup
    raise VariableDoesNotExist(
django.template.base.VariableDoesNotExist: Failed lookup for key [lint_result] in [{'True': True, 'False': False, 'None': None}, {'csrf_token': <SimpleLazyObject: 'JkH6t5iV8QV5vQxtgrsZ9uZt6r72jt4ChnJLcqUulGCgB7suiE19qg8xBcNtGJ2n'>, 'request': <WSGIRequest: GET '/write_dockerfile/100/'>, 'user': <SimpleLazyObject: <User: victor2>>, 'perms': PermWrapper(<SimpleLazyObject: <User: victor2>>), 'messages': <FallbackStorage: request=<WSGIRequest: GET '/write_dockerfile/100/'>>, 'DEFAULT_MESSAGE_LEVELS': {'DEBUG': 10, 'INFO': 20, 'SUCCESS': 25, 'WARNING': 30, 'ERROR': 40}}, {}, {'user_files': <QuerySet [<ImageText: ImageText object (99)>, <ImageText: ImageText object (100)>, <ImageText: ImageText object (102)>, <ImageText: ImageText object (104)>, <ImageText: ImageText object (105)>, <ImageText: ImageText object (106)>, <ImageText: ImageText object (107)>, <ImageText: ImageText object (108)>, <ImageText: ImageText object (109)>]>, 'selected_file': <ImageText: ImageText object (100)>}]
"GET /write_dockerfile/100/ HTTP/1.1" 200 8337
(0.005) SELECT "django_session"."session_key", "django_session"."session_data", "django_session"."expire_date" FROM "django_session" WHERE ("django_session"."expire_date" > '2024-05-29 20:30:25.236039' AND "django_session"."session_key" = 'tw0r43omfcezv50wrkemw3tmut7ykooc') LIMIT 21; args=('2024-05-29 20:30:25.236039', 'tw0r43omfcezv50wrkemw3tmut7ykooc'); alias=default
(0.002) SELECT "auth_user"."id", "auth_user"."password", "auth_user"."last_login", "auth_user"."is_superuser", "auth_user"."username", "auth_user"."first_name", "auth_user"."last_name", "auth_user"."email", "auth_user"."is_staff", "auth_user"."is_active", "auth_user"."date_joined" FROM "auth_user" WHERE "auth_user"."id" = 11 LIMIT 21; args=(11,); alias=default
(0.006) SELECT "django_session"."session_key", "django_session"."session_data", "django_session"."expire_date" FROM "django_session" WHERE ("django_session"."expire_date" > '2024-05-29 20:30:29.176352' AND "django_session"."session_key" = 'tw0r43omfcezv50wrkemw3tmut7ykooc') LIMIT 21; args=('2024-05-29 20:30:29.176352', 'tw0r43omfcezv50wrkemw3tmut7ykooc'); alias=default
(0.002) SELECT "auth_user"."id", "auth_user"."password", "auth_user"."last_login", "auth_user"."is_superuser", "auth_user"."username", "auth_user"."first_name", "auth_user"."last_name", "auth_user"."email", "auth_user"."is_staff", "auth_user"."is_active", "auth_user"."date_joined" FROM "auth_user" WHERE "auth_user"."id" = 11 LIMIT 21; args=(11,); alias=default
(0.002) SELECT "home_imagetext"."id", "home_imagetext"."user_id", "home_imagetext"."purpose", "home_imagetext"."text", "home_imagetext"."timestamp" FROM "home_imagetext" WHERE "home_imagetext"."id" = 106 LIMIT 21; args=(106,); alias=default
(0.002) SELECT "home_imagetext"."id", "home_imagetext"."user_id", "home_imagetext"."purpose", "home_imagetext"."text", "home_imagetext"."timestamp" FROM "home_imagetext" WHERE "home_imagetext"."user_id" = 11; args=(11,); alias=default
Exception while resolving variable 'lint_result' in template 'write_dockerfile.html'.
Traceback (most recent call last):
  File "/mnt/c/Users/Lenovo Yoga/Desktop/django-material-dashboard/env/lib/python3.8/site-packages/django/template/base.py", line 880, in _resolve_lookup
    current = current[bit]
  File "/mnt/c/Users/Lenovo Yoga/Desktop/django-material-dashboard/env/lib/python3.8/site-packages/django/template/context.py", line 83, in __getitem__
    raise KeyError(key)
KeyError: 'lint_result'

During handling of the above exception, another exception occurred:

Traceback (most recent call last):
  File "/mnt/c/Users/Lenovo Yoga/Desktop/django-material-dashboard/env/lib/python3.8/site-packages/django/template/base.py", line 886, in _resolve_lookup
    if isinstance(current, BaseContext) and getattr(
AttributeError: type object 'RequestContext' has no attribute 'lint_result'

During handling of the above exception, another exception occurred:

Traceback (most recent call last):
  File "/mnt/c/Users/Lenovo Yoga/Desktop/django-material-dashboard/env/lib/python3.8/site-packages/django/template/base.py", line 896, in _resolve_lookup
    current = current[int(bit)]
ValueError: invalid literal for int() with base 10: 'lint_result'

During handling of the above exception, another exception occurred:

Traceback (most recent call last):
  File "/mnt/c/Users/Lenovo Yoga/Desktop/django-material-dashboard/env/lib/python3.8/site-packages/django/template/base.py", line 903, in _resolve_lookup
    raise VariableDoesNotExist(
django.template.base.VariableDoesNotExist: Failed lookup for key [lint_result] in [{'True': True, 'False': False, 'None': None}, {'csrf_token': <SimpleLazyObject: 'BWaIvzwpHgy6yBObxUwZT5XN3CD51z3v9ZcneU8YU6fhESJcz759aR6RynjwoP1g'>, 'request': <WSGIRequest: GET '/write_dockerfile/106/'>, 'user': <SimpleLazyObject: <User: victor2>>, 'perms': PermWrapper(<SimpleLazyObject: <User: victor2>>), 'messages': <FallbackStorage: request=<WSGIRequest: GET '/write_dockerfile/106/'>>, 'DEFAULT_MESSAGE_LEVELS': {'DEBUG': 10, 'INFO': 20, 'SUCCESS': 25, 'WARNING': 30, 'ERROR': 40}}, {}, {'user_files': <QuerySet [<ImageText: ImageText object (99)>, <ImageText: ImageText object (100)>, <ImageText: ImageText object (102)>, <ImageText: ImageText object (104)>, <ImageText: ImageText object (105)>, <ImageText: ImageText object (106)>, <ImageText: ImageText object (107)>, <ImageText: ImageText object (108)>, <ImageText: ImageText object (109)>]>, 'selected_file': <ImageText: ImageText object (106)>}]
"GET /write_dockerfile/106/ HTTP/1.1" 200 8305
"POST /write_dockerfile/100/ HTTP/1.1" 200 28
(0.004) SELECT "django_session"."session_key", "django_session"."session_data", "django_session"."expire_date" FROM "django_session" WHERE ("django_session"."expire_date" > '2024-05-29 20:30:33.913870' AND "django_session"."session_key" = 'tw0r43omfcezv50wrkemw3tmut7ykooc') LIMIT 21; args=('2024-05-29 20:30:33.913870', 'tw0r43omfcezv50wrkemw3tmut7ykooc'); alias=default
(0.002) SELECT "auth_user"."id", "auth_user"."password", "auth_user"."last_login", "auth_user"."is_superuser", "auth_user"."username", "auth_user"."first_name", "auth_user"."last_name", "auth_user"."email", "auth_user"."is_staff", "auth_user"."is_active", "auth_user"."date_joined" FROM "auth_user" WHERE "auth_user"."id" = 11 LIMIT 21; args=(11,); alias=default
Exception while resolving variable 'images' in template 'home.html'.
Traceback (most recent call last):
  File "/mnt/c/Users/Lenovo Yoga/Desktop/django-material-dashboard/env/lib/python3.8/site-packages/django/template/base.py", line 880, in _resolve_lookup
    current = current[bit]
  File "/mnt/c/Users/Lenovo Yoga/Desktop/django-material-dashboard/env/lib/python3.8/site-packages/django/template/context.py", line 83, in __getitem__
    raise KeyError(key)
KeyError: 'images'

During handling of the above exception, another exception occurred:

Traceback (most recent call last):
  File "/mnt/c/Users/Lenovo Yoga/Desktop/django-material-dashboard/env/lib/python3.8/site-packages/django/template/base.py", line 886, in _resolve_lookup
    if isinstance(current, BaseContext) and getattr(
AttributeError: type object 'RequestContext' has no attribute 'images'

During handling of the above exception, another exception occurred:

Traceback (most recent call last):
  File "/mnt/c/Users/Lenovo Yoga/Desktop/django-material-dashboard/env/lib/python3.8/site-packages/django/template/base.py", line 896, in _resolve_lookup
    current = current[int(bit)]
ValueError: invalid literal for int() with base 10: 'images'

During handling of the above exception, another exception occurred:

Traceback (most recent call last):
  File "/mnt/c/Users/Lenovo Yoga/Desktop/django-material-dashboard/env/lib/python3.8/site-packages/django/template/base.py", line 903, in _resolve_lookup
    raise VariableDoesNotExist(
django.template.base.VariableDoesNotExist: Failed lookup for key [images] in [{'True': True, 'False': False, 'None': None}, {'csrf_token': <SimpleLazyObject: 'jXYPw5kZ6XXIe1dfcfMcWuitqsK047SwR00ufqWyjNETki8geslmdgrxVdqrrnQh'>, 'request': <WSGIRequest: GET '/home/'>, 'user': <SimpleLazyObject: <User: victor2>>, 'perms': PermWrapper(<SimpleLazyObject: <User: victor2>>), 'messages': <FallbackStorage: request=<WSGIRequest: GET '/home/'>>, 'DEFAULT_MESSAGE_LEVELS': {'DEBUG': 10, 'INFO': 20, 'SUCCESS': 25, 'WARNING': 30, 'ERROR': 40}}, {}]
"GET /home/ HTTP/1.1" 200 14131
File /mnt/c/Users/Lenovo Yoga/Desktop/licenta/dockerfile_gen/core/settings.py previous mtime: 1717014481.1314187, current mtime: 1717014664.8957398
/mnt/c/Users/Lenovo Yoga/Desktop/licenta/dockerfile_gen/core/settings.py notified as changed. Signal results: [(<function template_changed at 0x7ff8036b61f0>, None), (<function translation_file_changed at 0x7ff802c599d0>, None)].
/mnt/c/Users/Lenovo Yoga/Desktop/licenta/dockerfile_gen/core/settings.py changed, reloading.
